2024-06-18T15:50:37.8818868-05:00  [INF] Now listening on: "https://localhost:7279" (d826f4b8)
2024-06-18T15:50:37.8856485-05:00  [INF] Now listening on: "http://localhost:5036" (d826f4b8)
2024-06-18T15:50:37.8912135-05:00  [INF] Application started. Press Ctrl+C to shut down. (dcaefe54)
2024-06-18T15:50:37.9267674-05:00  [INF] Hosting environment: "Development" (bc5a1a4e)
2024-06-18T15:50:37.9298804-05:00  [INF] Content root path: "C:\Users\User\Documents\NETCORE\hexagon-architecture-net-core\PLANTILLA_WS\1. Services\Services.Api" (cc26f24e)
2024-06-18T16:19:08.0964329-05:00  [INF] Now listening on: "https://localhost:7279" (d826f4b8)
2024-06-18T16:19:08.1016383-05:00  [INF] Now listening on: "http://localhost:5036" (d826f4b8)
2024-06-18T16:19:08.1070441-05:00  [INF] Application started. Press Ctrl+C to shut down. (dcaefe54)
2024-06-18T16:19:08.1159854-05:00  [INF] Hosting environment: "Development" (bc5a1a4e)
2024-06-18T16:19:08.1181650-05:00  [INF] Content root path: "C:\Users\User\Documents\NETCORE\hexagon-architecture-net-core\PLANTILLA_WS\1. Services\Services.Api" (cc26f24e)
2024-06-18T16:23:16.7479597-05:00  [INF] Now listening on: "https://localhost:7279" (d826f4b8)
2024-06-18T16:23:16.7528512-05:00  [INF] Now listening on: "http://localhost:5036" (d826f4b8)
2024-06-18T16:23:16.7576208-05:00  [INF] Application started. Press Ctrl+C to shut down. (dcaefe54)
2024-06-18T16:23:16.7678375-05:00  [INF] Hosting environment: "Development" (bc5a1a4e)
2024-06-18T16:23:16.7707074-05:00  [INF] Content root path: "C:\Users\User\Documents\NETCORE\hexagon-architecture-net-core\PLANTILLA_WS\1. Services\Services.Api" (cc26f24e)
2024-06-18T16:23:55.0507023-05:00  [INF] Now listening on: "https://localhost:7279" (d826f4b8)
2024-06-18T16:23:55.0546957-05:00  [INF] Now listening on: "http://localhost:5036" (d826f4b8)
2024-06-18T16:23:55.0589697-05:00  [INF] Application started. Press Ctrl+C to shut down. (dcaefe54)
2024-06-18T16:23:55.0685371-05:00  [INF] Hosting environment: "Development" (bc5a1a4e)
2024-06-18T16:23:55.0705672-05:00  [INF] Content root path: "C:\Users\User\Documents\NETCORE\hexagon-architecture-net-core\PLANTILLA_WS\1. Services\Services.Api" (cc26f24e)
