2024-06-24T09:08:10.9851413-05:00 0HN4I748G2F7S:00000001 [WRN] Cannot use table 'Users' for entity type 'RegisterModel' since it is being used for entity type 'LoginModel' and potentially other entity types, but there is no linking relationship. Add a foreign key to 'RegisterModel' on the primary key properties and pointing to the primary key on another entity type mapped to 'Users'. (cb27818c)
2024-06-24T09:38:30.5731259-05:00  [INF] Now listening on: "https://localhost:7279" (d826f4b8)
2024-06-24T09:38:30.5767811-05:00  [INF] Now listening on: "http://localhost:5036" (d826f4b8)
2024-06-24T09:38:30.5824087-05:00  [INF] Application started. Press Ctrl+C to shut down. (dcaefe54)
2024-06-24T09:38:30.5876742-05:00  [INF] Hosting environment: "Development" (bc5a1a4e)
2024-06-24T09:38:30.5939771-05:00  [INF] Content root path: "C:\Users\User\Documents\NETCORE\hexagon-architecture-net-core\PLANTILLA_WS\1. Services\Services.Api" (cc26f24e)
2024-06-24T09:40:49.2485255-05:00  [INF] Now listening on: "https://localhost:7279" (d826f4b8)
2024-06-24T09:40:49.2524146-05:00  [INF] Now listening on: "http://localhost:5036" (d826f4b8)
2024-06-24T09:40:49.2565858-05:00  [INF] Application started. Press Ctrl+C to shut down. (dcaefe54)
2024-06-24T09:40:49.2632720-05:00  [INF] Hosting environment: "Development" (bc5a1a4e)
2024-06-24T09:40:49.2644711-05:00  [INF] Content root path: "C:\Users\User\Documents\NETCORE\hexagon-architecture-net-core\PLANTILLA_WS\1. Services\Services.Api" (cc26f24e)
2024-06-24T11:05:15.1705020-05:00 0HN4KBEI20AL4:00000001 [WRN] Cannot use table 'Users' for entity type 'RegisterModel' since it is being used for entity type 'LoginModel' and potentially other entity types, but there is no linking relationship. Add a foreign key to 'RegisterModel' on the primary key properties and pointing to the primary key on another entity type mapped to 'Users'. (cb27818c)
2024-06-24T14:57:14.8263962-05:00  [INF] Now listening on: "https://localhost:7279" (d826f4b8)
2024-06-24T14:57:14.8310094-05:00  [INF] Now listening on: "http://localhost:5036" (d826f4b8)
2024-06-24T14:57:14.8349420-05:00  [INF] Application started. Press Ctrl+C to shut down. (dcaefe54)
2024-06-24T14:57:14.8448576-05:00  [INF] Hosting environment: "Development" (bc5a1a4e)
2024-06-24T14:57:14.8476857-05:00  [INF] Content root path: "C:\Users\User\Documents\NETCORE\hexagon-architecture-net-core\PLANTILLA_WS\1. Services\Services.Api" (cc26f24e)
2024-06-24T14:58:26.1887347-05:00 0HN4KGVC3I7NV:00000001 [WRN] Cannot use table 'Users' for entity type 'RegisterModel' since it is being used for entity type 'LoginModel' and potentially other entity types, but there is no linking relationship. Add a foreign key to 'RegisterModel' on the primary key properties and pointing to the primary key on another entity type mapped to 'Users'. (cb27818c)
2024-06-24T16:36:09.5595955-05:00 0HN4KGVC3I7O0:00000001 [WRN] Cannot use table 'Users' for entity type 'RegisterModel' since it is being used for entity type 'LoginModel' and potentially other entity types, but there is no linking relationship. Add a foreign key to 'RegisterModel' on the primary key properties and pointing to the primary key on another entity type mapped to 'Users'. (cb27818c)
2024-06-24T16:36:26.5418259-05:00  [INF] Now listening on: "https://localhost:7279" (d826f4b8)
2024-06-24T16:36:26.5474335-05:00  [INF] Now listening on: "http://localhost:5036" (d826f4b8)
2024-06-24T16:36:26.5528834-05:00  [INF] Application started. Press Ctrl+C to shut down. (dcaefe54)
2024-06-24T16:36:26.5633885-05:00  [INF] Hosting environment: "Development" (bc5a1a4e)
2024-06-24T16:36:26.5658921-05:00  [INF] Content root path: "C:\Users\User\Documents\NETCORE\hexagon-architecture-net-core\PLANTILLA_WS\1. Services\Services.Api" (cc26f24e)
2024-06-24T16:36:58.1687542-05:00 0HN4KIMPS4IVN:00000001 [WRN] Cannot use table 'User' for entity type 'RegisterModel' since it is being used for entity type 'LoginModel' and potentially other entity types, but there is no linking relationship. Add a foreign key to 'RegisterModel' on the primary key properties and pointing to the primary key on another entity type mapped to 'User'. (7654fb01)
2024-06-24T16:58:56.5803191-05:00  [INF] Now listening on: "https://localhost:7279" (d826f4b8)
2024-06-24T16:58:56.5875807-05:00  [INF] Now listening on: "http://localhost:5036" (d826f4b8)
2024-06-24T16:58:56.5937902-05:00  [INF] Application started. Press Ctrl+C to shut down. (dcaefe54)
2024-06-24T16:58:56.6068578-05:00  [INF] Hosting environment: "Development" (bc5a1a4e)
2024-06-24T16:58:56.6095854-05:00  [INF] Content root path: "C:\Users\User\Documents\NETCORE\hexagon-architecture-net-core\PLANTILLA_WS\1. Services\Services.Api" (cc26f24e)
2024-06-24T17:00:22.8896502-05:00 0HN4KJ3C8VJOE:00000019 [ERR] Swashbuckle.AspNetCore.SwaggerGen.SwaggerGeneratorException: Failed to generate Operation for action - Services.Api.Controllers.AuthController.AuthenticateUser (Services.Api). See inner exception
 ---> Swashbuckle.AspNetCore.SwaggerGen.SwaggerGeneratorException: Failed to generate schema for type - Application.ViewModels.UserViewModel. See inner exception
 ---> System.TypeLoadException: Could not load type 'Invalid_Token.0x0200003B' from assembly 'Application, Version=1.0.0.0, Culture=neutral, PublicKeyToken=null'.
   at System.Signature.GetSignature(Void* pCorSig, Int32 cCorSig, RuntimeFieldHandleInternal fieldHandle, IRuntimeMethodInfo methodHandle, RuntimeType declaringType)
   at System.Reflection.RuntimeMethodInfo.<get_Signature>g__LazyCreateSignature|25_0()
   at System.Reflection.RuntimePropertyInfo.GetIndexParametersNoCopy()
   at System.Attribute.GetIndexParameterTypes(PropertyInfo element)
   at System.Attribute.InternalGetCustomAttributes(PropertyInfo element, Type type, Boolean inherit)
   at System.Attribute.GetCustomAttributes(MemberInfo element, Type attributeType, Boolean inherit)
   at System.Reflection.CustomAttributeExtensions.GetCustomAttribute[T](MemberInfo element)
   at Swashbuckle.AspNetCore.SwaggerGen.JsonSerializerDataContractResolver.<GetDataPropertiesFor>b__6_1(PropertyInfo property)
   at System.Linq.Enumerable.WhereArrayIterator`1.ToArray()
   at System.Linq.Buffer`1..ctor(IEnumerable`1 source)
   at System.Linq.OrderedEnumerable`1.GetEnumerator()+MoveNext()
   at Swashbuckle.AspNetCore.SwaggerGen.JsonSerializerDataContractResolver.GetDataPropertiesFor(Type objectType, Type& extensionDataType)
   at Swashbuckle.AspNetCore.SwaggerGen.JsonSerializerDataContractResolver.GetDataContractForType(Type type)
   at Swashbuckle.AspNetCore.SwaggerGen.SchemaGenerator.GetDataContractFor(Type modelType)
   at Swashbuckle.AspNetCore.SwaggerGen.SchemaGenerator.GenerateSchemaForParameter(Type modelType, SchemaRepository schemaRepository, ParameterInfo parameterInfo, ApiParameterRouteInfo routeInfo)
   at Swashbuckle.AspNetCore.SwaggerGen.SchemaGenerator.GenerateSchema(Type modelType, SchemaRepository schemaRepository, MemberInfo memberInfo, ParameterInfo parameterInfo, ApiParameterRouteInfo routeInfo)
   at Swashbuckle.AspNetCore.SwaggerGen.SwaggerGenerator.GenerateSchema(Type type, SchemaRepository schemaRepository, PropertyInfo propertyInfo, ParameterInfo parameterInfo, ApiParameterRouteInfo routeInfo)
   --- End of inner exception stack trace ---
   at Swashbuckle.AspNetCore.SwaggerGen.SwaggerGenerator.GenerateSchema(Type type, SchemaRepository schemaRepository, PropertyInfo propertyInfo, ParameterInfo parameterInfo, ApiParameterRouteInfo routeInfo)
   at Swashbuckle.AspNetCore.SwaggerGen.SwaggerGenerator.GenerateRequestBodyFromBodyParameter(ApiDescription apiDescription, SchemaRepository schemaRepository, ApiParameterDescription bodyParameter)
   at Swashbuckle.AspNetCore.SwaggerGen.SwaggerGenerator.GenerateRequestBody(ApiDescription apiDescription, SchemaRepository schemaRepository)
   at Swashbuckle.AspNetCore.SwaggerGen.SwaggerGenerator.GenerateOperation(ApiDescription apiDescription, SchemaRepository schemaRepository)
   --- End of inner exception stack trace ---
   at Swashbuckle.AspNetCore.SwaggerGen.SwaggerGenerator.GenerateOperation(ApiDescription apiDescription, SchemaRepository schemaRepository)
   at Swashbuckle.AspNetCore.SwaggerGen.SwaggerGenerator.GenerateOperations(IEnumerable`1 apiDescriptions, SchemaRepository schemaRepository)
   at Swashbuckle.AspNetCore.SwaggerGen.SwaggerGenerator.GeneratePaths(IEnumerable`1 apiDescriptions, SchemaRepository schemaRepository)
   at Swashbuckle.AspNetCore.SwaggerGen.SwaggerGenerator.GetSwaggerDocumentWithoutFilters(String documentName, String host, String basePath)
   at Swashbuckle.AspNetCore.SwaggerGen.SwaggerGenerator.GetSwaggerAsync(String documentName, String host, String basePath)
   at Swashbuckle.AspNetCore.Swagger.SwaggerMiddleware.Invoke(HttpContext httpContext, ISwaggerProvider swaggerProvider)
   at Common.Logs.ExceptionHandler.Invoke(HttpContext context) in C:\Users\User\Documents\NETCORE\hexagon-architecture-net-core\PLANTILLA_WS\6. Common\Common.Logs\ExceptionHandler.cs:line 21 (dedf3029)
2024-06-24T17:00:49.4789813-05:00 0HN4KJ3C8VJOE:00000023 [ERR] System.MissingMethodException: Attempted to access a missing method.
   at Application.ViewModels.UserViewModel.set_idUser(Int32 value)
   at System.Text.Json.Serialization.Metadata.JsonPropertyInfo`1.ReadJsonAndSetMember(Object obj, ReadStack& state, Utf8JsonReader& reader)
   at System.Text.Json.Serialization.Converters.ObjectDefaultConverter`1.OnTryRead(Utf8JsonReader& reader, Type typeToConvert, JsonSerializerOptions options, ReadStack& state, T& value)
   at System.Text.Json.Serialization.JsonConverter`1.TryRead(Utf8JsonReader& reader, Type typeToConvert, JsonSerializerOptions options, ReadStack& state, T& value, Boolean& isPopulatedValue)
   at System.Text.Json.Serialization.JsonConverter`1.ReadCore(Utf8JsonReader& reader, JsonSerializerOptions options, ReadStack& state)
   at System.Text.Json.Serialization.Metadata.JsonTypeInfo`1.ContinueDeserialize(ReadBufferState& bufferState, JsonReaderState& jsonReaderState, ReadStack& readStack)
   at System.Text.Json.Serialization.Metadata.JsonTypeInfo`1.DeserializeAsync(Stream utf8Json, CancellationToken cancellationToken)
   at System.Text.Json.Serialization.Metadata.JsonTypeInfo`1.DeserializeAsObjectAsync(Stream utf8Json, CancellationToken cancellationToken)
   at Microsoft.AspNetCore.Mvc.Formatters.SystemTextJsonInputFormatter.ReadRequestBodyAsync(InputFormatterContext context, Encoding encoding)
   at Microsoft.AspNetCore.Mvc.Formatters.SystemTextJsonInputFormatter.ReadRequestBodyAsync(InputFormatterContext context, Encoding encoding)
   at Microsoft.AspNetCore.Mvc.ModelBinding.Binders.BodyModelBinder.BindModelAsync(ModelBindingContext bindingContext)
   at Microsoft.AspNetCore.Mvc.ModelBinding.ParameterBinder.BindModelAsync(ActionContext actionContext, IModelBinder modelBinder, IValueProvider valueProvider, ParameterDescriptor parameter, ModelMetadata metadata, Object value, Object container)
   at Microsoft.AspNetCore.Mvc.Controllers.ControllerBinderDelegateProvider.<>c__DisplayClass0_0.<<CreateBinderDelegate>g__Bind|0>d.MoveNext()
--- End of stack trace from previous location ---
   at Microsoft.AspNetCore.Mvc.Infrastructure.ControllerActionInvoker.<InvokeInnerFilterAsync>g__Awaited|13_0(ControllerActionInvoker invoker, Task lastTask, State next, Scope scope, Object state, Boolean isCompleted)
   at Microsoft.AspNetCore.Mvc.Infrastructure.ResourceInvoker.<InvokeNextResourceFilter>g__Awaited|25_0(ResourceInvoker invoker, Task lastTask, State next, Scope scope, Object state, Boolean isCompleted)
   at Microsoft.AspNetCore.Mvc.Infrastructure.ResourceInvoker.Rethrow(ResourceExecutedContextSealed context)
   at Microsoft.AspNetCore.Mvc.Infrastructure.ResourceInvoker.Next(State& next, Scope& scope, Object& state, Boolean& isCompleted)
   at Microsoft.AspNetCore.Mvc.Infrastructure.ResourceInvoker.InvokeFilterPipelineAsync()
--- End of stack trace from previous location ---
   at Microsoft.AspNetCore.Mvc.Infrastructure.ResourceInvoker.<InvokeAsync>g__Awaited|17_0(ResourceInvoker invoker, Task task, IDisposable scope)
   at Microsoft.AspNetCore.Mvc.Infrastructure.ResourceInvoker.<InvokeAsync>g__Awaited|17_0(ResourceInvoker invoker, Task task, IDisposable scope)
   at Swashbuckle.AspNetCore.SwaggerUI.SwaggerUIMiddleware.Invoke(HttpContext httpContext)
   at Swashbuckle.AspNetCore.Swagger.SwaggerMiddleware.Invoke(HttpContext httpContext, ISwaggerProvider swaggerProvider)
   at Common.Logs.ExceptionHandler.Invoke(HttpContext context) in C:\Users\User\Documents\NETCORE\hexagon-architecture-net-core\PLANTILLA_WS\6. Common\Common.Logs\ExceptionHandler.cs:line 21 (4a304a95)
