2024-06-21T14:57:18.6904400-05:00  [INF] Now listening on: "https://localhost:7279" (d826f4b8)
2024-06-21T14:57:18.6951472-05:00  [INF] Now listening on: "http://localhost:5036" (d826f4b8)
2024-06-21T14:57:18.7014761-05:00  [INF] Application started. Press Ctrl+C to shut down. (dcaefe54)
2024-06-21T14:57:18.7091034-05:00  [INF] Hosting environment: "Development" (bc5a1a4e)
2024-06-21T14:57:18.7107241-05:00  [INF] Content root path: "C:\Users\User\Documents\NETCORE\hexagon-architecture-net-core\PLANTILLA_WS\1. Services\Services.Api" (cc26f24e)
2024-06-21T15:02:47.9171684-05:00  [INF] Now listening on: "https://localhost:7279" (d826f4b8)
2024-06-21T15:02:47.9227194-05:00  [INF] Now listening on: "http://localhost:5036" (d826f4b8)
2024-06-21T15:02:47.9353494-05:00  [INF] Application started. Press Ctrl+C to shut down. (dcaefe54)
2024-06-21T15:02:47.9472693-05:00  [INF] Hosting environment: "Development" (bc5a1a4e)
2024-06-21T15:02:47.9494568-05:00  [INF] Content root path: "C:\Users\User\Documents\NETCORE\hexagon-architecture-net-core\PLANTILLA_WS\1. Services\Services.Api" (cc26f24e)
2024-06-21T15:04:44.6922408-05:00 0HN4I5KFPR3O8:00000001 [ERR] System.InvalidOperationException: Unable to resolve service for type 'Application.Interfaces.IUsersAppService' while attempting to activate 'Services.Api.Controllers.AuthController'.
   at Microsoft.Extensions.DependencyInjection.ActivatorUtilities.ThrowHelperUnableToResolveService(Type type, Type requiredBy)
   at lambda_method24(Closure, IServiceProvider, Object[])
   at Microsoft.AspNetCore.Mvc.Controllers.ControllerFactoryProvider.<>c__DisplayClass6_0.<CreateControllerFactory>g__CreateController|0(ControllerContext controllerContext)
   at Microsoft.AspNetCore.Mvc.Infrastructure.ControllerActionInvoker.Next(State& next, Scope& scope, Object& state, Boolean& isCompleted)
   at Microsoft.AspNetCore.Mvc.Infrastructure.ControllerActionInvoker.InvokeInnerFilterAsync()
--- End of stack trace from previous location ---
   at Microsoft.AspNetCore.Mvc.Infrastructure.ResourceInvoker.<InvokeNextResourceFilter>g__Awaited|25_0(ResourceInvoker invoker, Task lastTask, State next, Scope scope, Object state, Boolean isCompleted)
   at Microsoft.AspNetCore.Mvc.Infrastructure.ResourceInvoker.Rethrow(ResourceExecutedContextSealed context)
   at Microsoft.AspNetCore.Mvc.Infrastructure.ResourceInvoker.Next(State& next, Scope& scope, Object& state, Boolean& isCompleted)
   at Microsoft.AspNetCore.Mvc.Infrastructure.ResourceInvoker.InvokeFilterPipelineAsync()
--- End of stack trace from previous location ---
   at Microsoft.AspNetCore.Mvc.Infrastructure.ResourceInvoker.<InvokeAsync>g__Awaited|17_0(ResourceInvoker invoker, Task task, IDisposable scope)
   at Microsoft.AspNetCore.Mvc.Infrastructure.ResourceInvoker.<InvokeAsync>g__Awaited|17_0(ResourceInvoker invoker, Task task, IDisposable scope)
   at Swashbuckle.AspNetCore.SwaggerUI.SwaggerUIMiddleware.Invoke(HttpContext httpContext)
   at Swashbuckle.AspNetCore.Swagger.SwaggerMiddleware.Invoke(HttpContext httpContext, ISwaggerProvider swaggerProvider)
   at Common.Logs.ExceptionHandler.Invoke(HttpContext context) in C:\Users\User\Documents\NETCORE\hexagon-architecture-net-core\PLANTILLA_WS\6. Common\Common.Logs\ExceptionHandler.cs:line 21 (6e2be0eb)
2024-06-21T15:05:25.2417643-05:00 0HN4I5KFPR3O8:00000003 [ERR] System.InvalidOperationException: Unable to resolve service for type 'Application.Interfaces.IUsersAppService' while attempting to activate 'Services.Api.Controllers.AuthController'.
   at Microsoft.Extensions.DependencyInjection.ActivatorUtilities.ThrowHelperUnableToResolveService(Type type, Type requiredBy)
   at lambda_method24(Closure, IServiceProvider, Object[])
   at Microsoft.AspNetCore.Mvc.Controllers.ControllerFactoryProvider.<>c__DisplayClass6_0.<CreateControllerFactory>g__CreateController|0(ControllerContext controllerContext)
   at Microsoft.AspNetCore.Mvc.Infrastructure.ControllerActionInvoker.Next(State& next, Scope& scope, Object& state, Boolean& isCompleted)
   at Microsoft.AspNetCore.Mvc.Infrastructure.ControllerActionInvoker.InvokeInnerFilterAsync()
--- End of stack trace from previous location ---
   at Microsoft.AspNetCore.Mvc.Infrastructure.ResourceInvoker.<InvokeNextResourceFilter>g__Awaited|25_0(ResourceInvoker invoker, Task lastTask, State next, Scope scope, Object state, Boolean isCompleted)
   at Microsoft.AspNetCore.Mvc.Infrastructure.ResourceInvoker.Rethrow(ResourceExecutedContextSealed context)
   at Microsoft.AspNetCore.Mvc.Infrastructure.ResourceInvoker.Next(State& next, Scope& scope, Object& state, Boolean& isCompleted)
   at Microsoft.AspNetCore.Mvc.Infrastructure.ResourceInvoker.InvokeFilterPipelineAsync()
--- End of stack trace from previous location ---
   at Microsoft.AspNetCore.Mvc.Infrastructure.ResourceInvoker.<InvokeAsync>g__Awaited|17_0(ResourceInvoker invoker, Task task, IDisposable scope)
   at Microsoft.AspNetCore.Mvc.Infrastructure.ResourceInvoker.<InvokeAsync>g__Awaited|17_0(ResourceInvoker invoker, Task task, IDisposable scope)
   at Swashbuckle.AspNetCore.SwaggerUI.SwaggerUIMiddleware.Invoke(HttpContext httpContext)
   at Swashbuckle.AspNetCore.Swagger.SwaggerMiddleware.Invoke(HttpContext httpContext, ISwaggerProvider swaggerProvider)
   at Common.Logs.ExceptionHandler.Invoke(HttpContext context) in C:\Users\User\Documents\NETCORE\hexagon-architecture-net-core\PLANTILLA_WS\6. Common\Common.Logs\ExceptionHandler.cs:line 21 (6e2be0eb)
2024-06-21T15:06:21.1495112-05:00 0HN4I5KFPR3O9:00000001 [ERR] System.InvalidOperationException: Unable to resolve service for type 'Application.Interfaces.IUsersAppService' while attempting to activate 'Services.Api.Controllers.AuthController'.
   at Microsoft.Extensions.DependencyInjection.ActivatorUtilities.ThrowHelperUnableToResolveService(Type type, Type requiredBy)
   at lambda_method28(Closure, IServiceProvider, Object[])
   at Microsoft.AspNetCore.Mvc.Controllers.ControllerFactoryProvider.<>c__DisplayClass6_0.<CreateControllerFactory>g__CreateController|0(ControllerContext controllerContext)
   at Microsoft.AspNetCore.Mvc.Infrastructure.ControllerActionInvoker.Next(State& next, Scope& scope, Object& state, Boolean& isCompleted)
   at Microsoft.AspNetCore.Mvc.Infrastructure.ControllerActionInvoker.InvokeInnerFilterAsync()
--- End of stack trace from previous location ---
   at Microsoft.AspNetCore.Mvc.Infrastructure.ResourceInvoker.<InvokeNextResourceFilter>g__Awaited|25_0(ResourceInvoker invoker, Task lastTask, State next, Scope scope, Object state, Boolean isCompleted)
   at Microsoft.AspNetCore.Mvc.Infrastructure.ResourceInvoker.Rethrow(ResourceExecutedContextSealed context)
   at Microsoft.AspNetCore.Mvc.Infrastructure.ResourceInvoker.Next(State& next, Scope& scope, Object& state, Boolean& isCompleted)
   at Microsoft.AspNetCore.Mvc.Infrastructure.ResourceInvoker.InvokeFilterPipelineAsync()
--- End of stack trace from previous location ---
   at Microsoft.AspNetCore.Mvc.Infrastructure.ResourceInvoker.<InvokeAsync>g__Awaited|17_0(ResourceInvoker invoker, Task task, IDisposable scope)
   at Microsoft.AspNetCore.Mvc.Infrastructure.ResourceInvoker.<InvokeAsync>g__Awaited|17_0(ResourceInvoker invoker, Task task, IDisposable scope)
   at Swashbuckle.AspNetCore.SwaggerUI.SwaggerUIMiddleware.Invoke(HttpContext httpContext)
   at Swashbuckle.AspNetCore.Swagger.SwaggerMiddleware.Invoke(HttpContext httpContext, ISwaggerProvider swaggerProvider)
   at Common.Logs.ExceptionHandler.Invoke(HttpContext context) in C:\Users\User\Documents\NETCORE\hexagon-architecture-net-core\PLANTILLA_WS\6. Common\Common.Logs\ExceptionHandler.cs:line 21 (a673ebb7)
2024-06-21T15:52:35.3664793-05:00  [INF] Now listening on: "https://localhost:7279" (d826f4b8)
2024-06-21T15:52:35.3693055-05:00  [INF] Now listening on: "http://localhost:5036" (d826f4b8)
2024-06-21T15:52:35.3722046-05:00  [INF] Application started. Press Ctrl+C to shut down. (dcaefe54)
2024-06-21T15:52:35.3783026-05:00  [INF] Hosting environment: "Development" (bc5a1a4e)
2024-06-21T15:52:35.3795995-05:00  [INF] Content root path: "C:\Users\User\Documents\NETCORE\hexagon-architecture-net-core\PLANTILLA_WS\1. Services\Services.Api" (cc26f24e)
2024-06-21T15:53:13.6455127-05:00 0HN4I6GA5ISBP:00000009 [WRN] No database provider has been configured for this DbContext. A provider can be configured by overriding the 'DbContext.OnConfiguring' method or by using 'AddDbContext' on the application service provider. If 'AddDbContext' is used, then also ensure that your DbContext type accepts a DbContextOptions<TContext> object in its constructor and passes it to the base constructor for DbContext. (685b0c01)
2024-06-21T15:55:41.2943751-05:00 0HN4I6GA5ISBP:0000000B [WRN] No database provider has been configured for this DbContext. A provider can be configured by overriding the 'DbContext.OnConfiguring' method or by using 'AddDbContext' on the application service provider. If 'AddDbContext' is used, then also ensure that your DbContext type accepts a DbContextOptions<TContext> object in its constructor and passes it to the base constructor for DbContext. (685b0c01)
2024-06-21T16:00:22.5366796-05:00  [INF] Now listening on: "https://localhost:7279" (d826f4b8)
2024-06-21T16:00:22.5409365-05:00  [INF] Now listening on: "http://localhost:5036" (d826f4b8)
2024-06-21T16:00:22.5453951-05:00  [INF] Application started. Press Ctrl+C to shut down. (dcaefe54)
2024-06-21T16:00:22.5540463-05:00  [INF] Hosting environment: "Development" (bc5a1a4e)
2024-06-21T16:00:22.5573392-05:00  [INF] Content root path: "C:\Users\User\Documents\NETCORE\hexagon-architecture-net-core\PLANTILLA_WS\1. Services\Services.Api" (cc26f24e)
2024-06-21T16:11:44.7125387-05:00  [INF] Now listening on: "https://localhost:7279" (d826f4b8)
2024-06-21T16:11:44.7156025-05:00  [INF] Now listening on: "http://localhost:5036" (d826f4b8)
2024-06-21T16:11:44.7189401-05:00  [INF] Application started. Press Ctrl+C to shut down. (dcaefe54)
2024-06-21T16:11:44.7286207-05:00  [INF] Hosting environment: "Development" (bc5a1a4e)
2024-06-21T16:11:44.7302233-05:00  [INF] Content root path: "C:\Users\User\Documents\NETCORE\hexagon-architecture-net-core\PLANTILLA_WS\1. Services\Services.Api" (cc26f24e)
2024-06-21T16:12:09.6085906-05:00  [INF] Now listening on: "https://localhost:7279" (d826f4b8)
2024-06-21T16:12:09.6118669-05:00  [INF] Now listening on: "http://localhost:5036" (d826f4b8)
2024-06-21T16:12:09.6208607-05:00  [INF] Application started. Press Ctrl+C to shut down. (dcaefe54)
2024-06-21T16:12:09.6227639-05:00  [INF] Hosting environment: "Development" (bc5a1a4e)
2024-06-21T16:12:09.6246591-05:00  [INF] Content root path: "C:\Users\User\Documents\NETCORE\hexagon-architecture-net-core\PLANTILLA_WS\1. Services\Services.Api" (cc26f24e)
2024-06-21T16:12:43.4902244-05:00 0HN4I6R84BEK9:00000009 [WRN] The entity type 'LoginModel' requires a primary key to be defined. If you intended to use a keyless entity type, call 'HasNoKey' in 'OnModelCreating'. For more information on keyless entity types, see https://go.microsoft.com/fwlink/?linkid=2141943. (a0826b1f)
2024-06-21T16:19:53.2478257-05:00  [INF] Now listening on: "https://localhost:7279" (d826f4b8)
2024-06-21T16:19:53.2512470-05:00  [INF] Now listening on: "http://localhost:5036" (d826f4b8)
2024-06-21T16:19:53.2542935-05:00  [INF] Application started. Press Ctrl+C to shut down. (dcaefe54)
2024-06-21T16:19:53.2601346-05:00  [INF] Hosting environment: "Development" (bc5a1a4e)
2024-06-21T16:19:53.2614124-05:00  [INF] Content root path: "C:\Users\User\Documents\NETCORE\hexagon-architecture-net-core\PLANTILLA_WS\1. Services\Services.Api" (cc26f24e)
2024-06-21T16:23:28.5887538-05:00 0HN4I6VIAEHD3:00000009 [WRN] The entity type 'RegisterModel' requires a primary key to be defined. If you intended to use a keyless entity type, call 'HasNoKey' in 'OnModelCreating'. For more information on keyless entity types, see https://go.microsoft.com/fwlink/?linkid=2141943. (491f61c3)
2024-06-21T16:23:39.5073117-05:00  [INF] Now listening on: "https://localhost:7279" (d826f4b8)
2024-06-21T16:23:39.5103777-05:00  [INF] Now listening on: "http://localhost:5036" (d826f4b8)
2024-06-21T16:23:39.5139069-05:00  [INF] Application started. Press Ctrl+C to shut down. (dcaefe54)
2024-06-21T16:23:39.5192772-05:00  [INF] Hosting environment: "Development" (bc5a1a4e)
2024-06-21T16:23:39.5203720-05:00  [INF] Content root path: "C:\Users\User\Documents\NETCORE\hexagon-architecture-net-core\PLANTILLA_WS\1. Services\Services.Api" (cc26f24e)
2024-06-21T16:25:20.3258935-05:00  [INF] Now listening on: "https://localhost:7279" (d826f4b8)
2024-06-21T16:25:20.3292560-05:00  [INF] Now listening on: "http://localhost:5036" (d826f4b8)
2024-06-21T16:25:20.3401768-05:00  [INF] Application started. Press Ctrl+C to shut down. (dcaefe54)
2024-06-21T16:25:20.3422420-05:00  [INF] Hosting environment: "Development" (bc5a1a4e)
2024-06-21T16:25:20.3437992-05:00  [INF] Content root path: "C:\Users\User\Documents\NETCORE\hexagon-architecture-net-core\PLANTILLA_WS\1. Services\Services.Api" (cc26f24e)
2024-06-21T16:28:17.1158460-05:00  [INF] Now listening on: "https://localhost:7279" (d826f4b8)
2024-06-21T16:28:17.1197083-05:00  [INF] Now listening on: "http://localhost:5036" (d826f4b8)
2024-06-21T16:28:17.1235012-05:00  [INF] Application started. Press Ctrl+C to shut down. (dcaefe54)
2024-06-21T16:28:17.1296260-05:00  [INF] Hosting environment: "Development" (bc5a1a4e)
2024-06-21T16:28:17.1309056-05:00  [INF] Content root path: "C:\Users\User\Documents\NETCORE\hexagon-architecture-net-core\PLANTILLA_WS\1. Services\Services.Api" (cc26f24e)
2024-06-21T16:29:05.0278470-05:00 0HN4I748G2F7R:00000009 [WRN] Cannot use table 'Users' for entity type 'RegisterModel' since it is being used for entity type 'LoginModel' and potentially other entity types, but there is no linking relationship. Add a foreign key to 'RegisterModel' on the primary key properties and pointing to the primary key on another entity type mapped to 'Users'. (cb27818c)
