2024-06-26T14:55:39.7641672-05:00  [INF] Now listening on: "https://localhost:7279" (d826f4b8)
2024-06-26T14:55:39.7684679-05:00  [INF] Now listening on: "http://localhost:5036" (d826f4b8)
2024-06-26T14:55:39.7731071-05:00  [INF] Application started. Press Ctrl+C to shut down. (dcaefe54)
2024-06-26T14:55:39.7824873-05:00  [INF] Hosting environment: "Development" (bc5a1a4e)
2024-06-26T14:55:39.8118185-05:00  [INF] Content root path: "C:\Users\User\Documents\NETCORE\hexagon-architecture-net-core\PLANTILLA_WS\1. Services\Services.Api" (cc26f24e)
2024-06-26T14:56:56.1394895-05:00 0HN4M37Q92742:00000001 [ERR] System.InvalidOperationException: Unable to resolve service for type 'Application.Interfaces.IClinicaAppService' while attempting to activate 'Services.Api.Controllers.ClinicaController'.
   at Microsoft.Extensions.DependencyInjection.ActivatorUtilities.ThrowHelperUnableToResolveService(Type type, Type requiredBy)
   at lambda_method24(Closure, IServiceProvider, Object[])
   at Microsoft.AspNetCore.Mvc.Controllers.ControllerFactoryProvider.<>c__DisplayClass6_0.<CreateControllerFactory>g__CreateController|0(ControllerContext controllerContext)
   at Microsoft.AspNetCore.Mvc.Infrastructure.ControllerActionInvoker.Next(State& next, Scope& scope, Object& state, Boolean& isCompleted)
   at Microsoft.AspNetCore.Mvc.Infrastructure.ControllerActionInvoker.InvokeInnerFilterAsync()
--- End of stack trace from previous location ---
   at Microsoft.AspNetCore.Mvc.Infrastructure.ResourceInvoker.<InvokeNextResourceFilter>g__Awaited|25_0(ResourceInvoker invoker, Task lastTask, State next, Scope scope, Object state, Boolean isCompleted)
   at Microsoft.AspNetCore.Mvc.Infrastructure.ResourceInvoker.Rethrow(ResourceExecutedContextSealed context)
   at Microsoft.AspNetCore.Mvc.Infrastructure.ResourceInvoker.Next(State& next, Scope& scope, Object& state, Boolean& isCompleted)
   at Microsoft.AspNetCore.Mvc.Infrastructure.ResourceInvoker.InvokeFilterPipelineAsync()
--- End of stack trace from previous location ---
   at Microsoft.AspNetCore.Mvc.Infrastructure.ResourceInvoker.<InvokeAsync>g__Awaited|17_0(ResourceInvoker invoker, Task task, IDisposable scope)
   at Microsoft.AspNetCore.Mvc.Infrastructure.ResourceInvoker.<InvokeAsync>g__Awaited|17_0(ResourceInvoker invoker, Task task, IDisposable scope)
   at Swashbuckle.AspNetCore.SwaggerUI.SwaggerUIMiddleware.Invoke(HttpContext httpContext)
   at Swashbuckle.AspNetCore.Swagger.SwaggerMiddleware.Invoke(HttpContext httpContext, ISwaggerProvider swaggerProvider)
   at Common.Logs.ExceptionHandler.Invoke(HttpContext context) in C:\Users\User\Documents\NETCORE\hexagon-architecture-net-core\PLANTILLA_WS\6. Common\Common.Logs\ExceptionHandler.cs:line 21 (31387deb)
2024-06-26T14:57:05.2772105-05:00 0HN4M37Q92742:00000003 [ERR] System.InvalidOperationException: Unable to resolve service for type 'Application.Interfaces.IClinicaAppService' while attempting to activate 'Services.Api.Controllers.ClinicaController'.
   at Microsoft.Extensions.DependencyInjection.ActivatorUtilities.ThrowHelperUnableToResolveService(Type type, Type requiredBy)
   at lambda_method24(Closure, IServiceProvider, Object[])
   at Microsoft.AspNetCore.Mvc.Controllers.ControllerFactoryProvider.<>c__DisplayClass6_0.<CreateControllerFactory>g__CreateController|0(ControllerContext controllerContext)
   at Microsoft.AspNetCore.Mvc.Infrastructure.ControllerActionInvoker.Next(State& next, Scope& scope, Object& state, Boolean& isCompleted)
   at Microsoft.AspNetCore.Mvc.Infrastructure.ControllerActionInvoker.InvokeInnerFilterAsync()
--- End of stack trace from previous location ---
   at Microsoft.AspNetCore.Mvc.Infrastructure.ResourceInvoker.<InvokeNextResourceFilter>g__Awaited|25_0(ResourceInvoker invoker, Task lastTask, State next, Scope scope, Object state, Boolean isCompleted)
   at Microsoft.AspNetCore.Mvc.Infrastructure.ResourceInvoker.Rethrow(ResourceExecutedContextSealed context)
   at Microsoft.AspNetCore.Mvc.Infrastructure.ResourceInvoker.Next(State& next, Scope& scope, Object& state, Boolean& isCompleted)
   at Microsoft.AspNetCore.Mvc.Infrastructure.ResourceInvoker.InvokeFilterPipelineAsync()
--- End of stack trace from previous location ---
   at Microsoft.AspNetCore.Mvc.Infrastructure.ResourceInvoker.<InvokeAsync>g__Awaited|17_0(ResourceInvoker invoker, Task task, IDisposable scope)
   at Microsoft.AspNetCore.Mvc.Infrastructure.ResourceInvoker.<InvokeAsync>g__Awaited|17_0(ResourceInvoker invoker, Task task, IDisposable scope)
   at Swashbuckle.AspNetCore.SwaggerUI.SwaggerUIMiddleware.Invoke(HttpContext httpContext)
   at Swashbuckle.AspNetCore.Swagger.SwaggerMiddleware.Invoke(HttpContext httpContext, ISwaggerProvider swaggerProvider)
   at Common.Logs.ExceptionHandler.Invoke(HttpContext context) in C:\Users\User\Documents\NETCORE\hexagon-architecture-net-core\PLANTILLA_WS\6. Common\Common.Logs\ExceptionHandler.cs:line 21 (31387deb)
2024-06-26T14:57:33.7967013-05:00 0HN4M37Q92743:00000001 [ERR] System.InvalidOperationException: Unable to resolve service for type 'Application.Interfaces.IClinicaAppService' while attempting to activate 'Services.Api.Controllers.ClinicaController'.
   at Microsoft.Extensions.DependencyInjection.ActivatorUtilities.ThrowHelperUnableToResolveService(Type type, Type requiredBy)
   at lambda_method24(Closure, IServiceProvider, Object[])
   at Microsoft.AspNetCore.Mvc.Controllers.ControllerFactoryProvider.<>c__DisplayClass6_0.<CreateControllerFactory>g__CreateController|0(ControllerContext controllerContext)
   at Microsoft.AspNetCore.Mvc.Infrastructure.ControllerActionInvoker.Next(State& next, Scope& scope, Object& state, Boolean& isCompleted)
   at Microsoft.AspNetCore.Mvc.Infrastructure.ControllerActionInvoker.InvokeInnerFilterAsync()
--- End of stack trace from previous location ---
   at Microsoft.AspNetCore.Mvc.Infrastructure.ResourceInvoker.<InvokeNextResourceFilter>g__Awaited|25_0(ResourceInvoker invoker, Task lastTask, State next, Scope scope, Object state, Boolean isCompleted)
   at Microsoft.AspNetCore.Mvc.Infrastructure.ResourceInvoker.Rethrow(ResourceExecutedContextSealed context)
   at Microsoft.AspNetCore.Mvc.Infrastructure.ResourceInvoker.Next(State& next, Scope& scope, Object& state, Boolean& isCompleted)
   at Microsoft.AspNetCore.Mvc.Infrastructure.ResourceInvoker.InvokeFilterPipelineAsync()
--- End of stack trace from previous location ---
   at Microsoft.AspNetCore.Mvc.Infrastructure.ResourceInvoker.<InvokeAsync>g__Awaited|17_0(ResourceInvoker invoker, Task task, IDisposable scope)
   at Microsoft.AspNetCore.Mvc.Infrastructure.ResourceInvoker.<InvokeAsync>g__Awaited|17_0(ResourceInvoker invoker, Task task, IDisposable scope)
   at Swashbuckle.AspNetCore.SwaggerUI.SwaggerUIMiddleware.Invoke(HttpContext httpContext)
   at Swashbuckle.AspNetCore.Swagger.SwaggerMiddleware.Invoke(HttpContext httpContext, ISwaggerProvider swaggerProvider)
   at Common.Logs.ExceptionHandler.Invoke(HttpContext context) in C:\Users\User\Documents\NETCORE\hexagon-architecture-net-core\PLANTILLA_WS\6. Common\Common.Logs\ExceptionHandler.cs:line 21 (31387deb)
2024-06-26T15:00:21.9661379-05:00  [INF] Now listening on: "https://localhost:7279" (d826f4b8)
2024-06-26T15:00:21.9693920-05:00  [INF] Now listening on: "http://localhost:5036" (d826f4b8)
2024-06-26T15:00:21.9812199-05:00  [INF] Application started. Press Ctrl+C to shut down. (dcaefe54)
2024-06-26T15:00:21.9839959-05:00  [INF] Hosting environment: "Development" (bc5a1a4e)
2024-06-26T15:00:21.9858233-05:00  [INF] Content root path: "C:\Users\User\Documents\NETCORE\hexagon-architecture-net-core\PLANTILLA_WS\1. Services\Services.Api" (cc26f24e)
2024-06-26T15:00:54.4049754-05:00 0HN4M3AEB58P9:00000009 [ERR] Ha ocurrido un error al consultar la clinica (84ab7829)
System.InvalidOperationException: The entity type 'ClinicaModel' requires a primary key to be defined. If you intended to use a keyless entity type, call 'HasNoKey' in 'OnModelCreating'. For more information on keyless entity types, see https://go.microsoft.com/fwlink/?linkid=2141943.
   at Microsoft.EntityFrameworkCore.Infrastructure.ModelValidator.ValidateNonNullPrimaryKeys(IModel model, IDiagnosticsLogger`1 logger)
   at Microsoft.EntityFrameworkCore.Infrastructure.ModelValidator.Validate(IModel model, IDiagnosticsLogger`1 logger)
   at Microsoft.EntityFrameworkCore.Infrastructure.RelationalModelValidator.Validate(IModel model, IDiagnosticsLogger`1 logger)
   at Npgsql.EntityFrameworkCore.PostgreSQL.Infrastructure.Internal.NpgsqlModelValidator.Validate(IModel model, IDiagnosticsLogger`1 logger)
   at Microsoft.EntityFrameworkCore.Infrastructure.ModelRuntimeInitializer.Initialize(IModel model, Boolean designTime, IDiagnosticsLogger`1 validationLogger)
   at Microsoft.EntityFrameworkCore.Infrastructure.ModelSource.GetModel(DbContext context, ModelCreationDependencies modelCreationDependencies, Boolean designTime)
   at Microsoft.EntityFrameworkCore.Internal.DbContextServices.CreateModel(Boolean designTime)
   at Microsoft.EntityFrameworkCore.Internal.DbContextServices.get_Model()
   at Microsoft.EntityFrameworkCore.Infrastructure.EntityFrameworkServicesBuilder.<>c.<TryAddCoreServices>b__8_4(IServiceProvider p)
   at Microsoft.Extensions.DependencyInjection.ServiceLookup.CallSiteRuntimeResolver.VisitCache(ServiceCallSite callSite, RuntimeResolverContext context, ServiceProviderEngineScope serviceProviderEngine, RuntimeResolverLock lockType)
   at Microsoft.Extensions.DependencyInjection.ServiceLookup.CallSiteVisitor`2.VisitCallSite(ServiceCallSite callSite, TArgument argument)
   at Microsoft.Extensions.DependencyInjection.ServiceLookup.CallSiteRuntimeResolver.VisitConstructor(ConstructorCallSite constructorCallSite, RuntimeResolverContext context)
   at Microsoft.Extensions.DependencyInjection.ServiceLookup.CallSiteRuntimeResolver.VisitCache(ServiceCallSite callSite, RuntimeResolverContext context, ServiceProviderEngineScope serviceProviderEngine, RuntimeResolverLock lockType)
   at Microsoft.Extensions.DependencyInjection.ServiceLookup.CallSiteVisitor`2.VisitCallSite(ServiceCallSite callSite, TArgument argument)
   at Microsoft.Extensions.DependencyInjection.ServiceLookup.CallSiteRuntimeResolver.VisitConstructor(ConstructorCallSite constructorCallSite, RuntimeResolverContext context)
   at Microsoft.Extensions.DependencyInjection.ServiceLookup.CallSiteRuntimeResolver.VisitCache(ServiceCallSite callSite, RuntimeResolverContext context, ServiceProviderEngineScope serviceProviderEngine, RuntimeResolverLock lockType)
   at Microsoft.Extensions.DependencyInjection.ServiceLookup.CallSiteVisitor`2.VisitCallSite(ServiceCallSite callSite, TArgument argument)
   at Microsoft.Extensions.DependencyInjection.ServiceLookup.CallSiteRuntimeResolver.VisitConstructor(ConstructorCallSite constructorCallSite, RuntimeResolverContext context)
   at Microsoft.Extensions.DependencyInjection.ServiceLookup.CallSiteRuntimeResolver.VisitCache(ServiceCallSite callSite, RuntimeResolverContext context, ServiceProviderEngineScope serviceProviderEngine, RuntimeResolverLock lockType)
   at Microsoft.Extensions.DependencyInjection.ServiceLookup.CallSiteVisitor`2.VisitCallSite(ServiceCallSite callSite, TArgument argument)
   at Microsoft.Extensions.DependencyInjection.ServiceLookup.CallSiteRuntimeResolver.VisitConstructor(ConstructorCallSite constructorCallSite, RuntimeResolverContext context)
   at Microsoft.Extensions.DependencyInjection.ServiceLookup.CallSiteRuntimeResolver.VisitCache(ServiceCallSite callSite, RuntimeResolverContext context, ServiceProviderEngineScope serviceProviderEngine, RuntimeResolverLock lockType)
   at Microsoft.Extensions.DependencyInjection.ServiceLookup.CallSiteVisitor`2.VisitCallSite(ServiceCallSite callSite, TArgument argument)
   at Microsoft.Extensions.DependencyInjection.ServiceLookup.CallSiteRuntimeResolver.VisitConstructor(ConstructorCallSite constructorCallSite, RuntimeResolverContext context)
   at Microsoft.Extensions.DependencyInjection.ServiceLookup.CallSiteRuntimeResolver.VisitCache(ServiceCallSite callSite, RuntimeResolverContext context, ServiceProviderEngineScope serviceProviderEngine, RuntimeResolverLock lockType)
   at Microsoft.Extensions.DependencyInjection.ServiceLookup.CallSiteVisitor`2.VisitCallSite(ServiceCallSite callSite, TArgument argument)
   at Microsoft.Extensions.DependencyInjection.ServiceLookup.CallSiteRuntimeResolver.Resolve(ServiceCallSite callSite, ServiceProviderEngineScope scope)
   at Microsoft.Extensions.DependencyInjection.ServiceLookup.DynamicServiceProviderEngine.<>c__DisplayClass2_0.<RealizeService>b__0(ServiceProviderEngineScope scope)
   at Microsoft.Extensions.DependencyInjection.ServiceLookup.ServiceProviderEngineScope.GetService(Type serviceType)
   at Microsoft.Extensions.DependencyInjection.ServiceProviderServiceExtensions.GetRequiredService(IServiceProvider provider, Type serviceType)
   at Microsoft.Extensions.DependencyInjection.ServiceProviderServiceExtensions.GetRequiredService[T](IServiceProvider provider)
   at Microsoft.EntityFrameworkCore.DbContext.get_DbContextDependencies()
   at Microsoft.EntityFrameworkCore.DbContext.get_ContextServices()
   at Microsoft.EntityFrameworkCore.DbContext.get_Model()
   at Microsoft.EntityFrameworkCore.Internal.InternalDbSet`1.get_EntityType()
   at Microsoft.EntityFrameworkCore.Internal.InternalDbSet`1.get_Finder()
   at Microsoft.EntityFrameworkCore.Internal.InternalDbSet`1.Find(Object[] keyValues)
   at Infrastructure.Repository.ClinicaRepository.GetClinicaById(Int32 id) in C:\Users\User\Documents\NETCORE\hexagon-architecture-net-core\PLANTILLA_WS\4. Infrastructure\Infrastructure\Repository\ClinicaRepository.cs:line 21
   at Application.Services.ClinicaAppService.GetClinicaById(Int32 id) in C:\Users\User\Documents\NETCORE\hexagon-architecture-net-core\PLANTILLA_WS\2. Application\Application\Services\ClinicaAppService.cs:line 24
   at Services.Api.Controllers.ClinicaController.GetClinicaById(Int32 clinicaId) in C:\Users\User\Documents\NETCORE\hexagon-architecture-net-core\PLANTILLA_WS\1. Services\Services.Api\Controllers\ClinicaController.cs:line 29
2024-06-26T15:03:01.6679131-05:00 0HN4M3AEB58P9:0000000B [ERR] Ha ocurrido un error al consultar la clinica (84ab7829)
System.InvalidOperationException: The entity type 'ClinicaModel' requires a primary key to be defined. If you intended to use a keyless entity type, call 'HasNoKey' in 'OnModelCreating'. For more information on keyless entity types, see https://go.microsoft.com/fwlink/?linkid=2141943.
   at Microsoft.EntityFrameworkCore.Infrastructure.ModelValidator.ValidateNonNullPrimaryKeys(IModel model, IDiagnosticsLogger`1 logger)
   at Microsoft.EntityFrameworkCore.Infrastructure.ModelValidator.Validate(IModel model, IDiagnosticsLogger`1 logger)
   at Microsoft.EntityFrameworkCore.Infrastructure.RelationalModelValidator.Validate(IModel model, IDiagnosticsLogger`1 logger)
   at Npgsql.EntityFrameworkCore.PostgreSQL.Infrastructure.Internal.NpgsqlModelValidator.Validate(IModel model, IDiagnosticsLogger`1 logger)
   at Microsoft.EntityFrameworkCore.Infrastructure.ModelRuntimeInitializer.Initialize(IModel model, Boolean designTime, IDiagnosticsLogger`1 validationLogger)
   at Microsoft.EntityFrameworkCore.Infrastructure.ModelSource.GetModel(DbContext context, ModelCreationDependencies modelCreationDependencies, Boolean designTime)
   at Microsoft.EntityFrameworkCore.Internal.DbContextServices.CreateModel(Boolean designTime)
   at Microsoft.EntityFrameworkCore.Internal.DbContextServices.get_Model()
   at Microsoft.EntityFrameworkCore.Infrastructure.EntityFrameworkServicesBuilder.<>c.<TryAddCoreServices>b__8_4(IServiceProvider p)
   at Microsoft.Extensions.DependencyInjection.ServiceLookup.CallSiteVisitor`2.VisitCallSiteMain(ServiceCallSite callSite, TArgument argument)
   at Microsoft.Extensions.DependencyInjection.ServiceLookup.CallSiteRuntimeResolver.VisitCache(ServiceCallSite callSite, RuntimeResolverContext context, ServiceProviderEngineScope serviceProviderEngine, RuntimeResolverLock lockType)
   at Microsoft.Extensions.DependencyInjection.ServiceLookup.CallSiteVisitor`2.VisitCallSite(ServiceCallSite callSite, TArgument argument)
   at Microsoft.Extensions.DependencyInjection.ServiceLookup.CallSiteVisitor`2.VisitCallSiteMain(ServiceCallSite callSite, TArgument argument)
   at Microsoft.Extensions.DependencyInjection.ServiceLookup.CallSiteRuntimeResolver.VisitCache(ServiceCallSite callSite, RuntimeResolverContext context, ServiceProviderEngineScope serviceProviderEngine, RuntimeResolverLock lockType)
   at Microsoft.Extensions.DependencyInjection.ServiceLookup.CallSiteVisitor`2.VisitCallSite(ServiceCallSite callSite, TArgument argument)
   at Microsoft.Extensions.DependencyInjection.ServiceLookup.CallSiteVisitor`2.VisitCallSiteMain(ServiceCallSite callSite, TArgument argument)
   at Microsoft.Extensions.DependencyInjection.ServiceLookup.CallSiteRuntimeResolver.VisitCache(ServiceCallSite callSite, RuntimeResolverContext context, ServiceProviderEngineScope serviceProviderEngine, RuntimeResolverLock lockType)
   at Microsoft.Extensions.DependencyInjection.ServiceLookup.CallSiteVisitor`2.VisitCallSite(ServiceCallSite callSite, TArgument argument)
   at Microsoft.Extensions.DependencyInjection.ServiceLookup.CallSiteVisitor`2.VisitCallSiteMain(ServiceCallSite callSite, TArgument argument)
   at Microsoft.Extensions.DependencyInjection.ServiceLookup.CallSiteRuntimeResolver.VisitCache(ServiceCallSite callSite, RuntimeResolverContext context, ServiceProviderEngineScope serviceProviderEngine, RuntimeResolverLock lockType)
   at Microsoft.Extensions.DependencyInjection.ServiceLookup.CallSiteVisitor`2.VisitCallSite(ServiceCallSite callSite, TArgument argument)
   at Microsoft.Extensions.DependencyInjection.ServiceLookup.CallSiteVisitor`2.VisitCallSiteMain(ServiceCallSite callSite, TArgument argument)
   at Microsoft.Extensions.DependencyInjection.ServiceLookup.CallSiteRuntimeResolver.VisitCache(ServiceCallSite callSite, RuntimeResolverContext context, ServiceProviderEngineScope serviceProviderEngine, RuntimeResolverLock lockType)
   at Microsoft.Extensions.DependencyInjection.ServiceLookup.CallSiteVisitor`2.VisitCallSite(ServiceCallSite callSite, TArgument argument)
   at Microsoft.Extensions.DependencyInjection.ServiceLookup.CallSiteVisitor`2.VisitCallSiteMain(ServiceCallSite callSite, TArgument argument)
   at Microsoft.Extensions.DependencyInjection.ServiceLookup.CallSiteRuntimeResolver.VisitCache(ServiceCallSite callSite, RuntimeResolverContext context, ServiceProviderEngineScope serviceProviderEngine, RuntimeResolverLock lockType)
   at Microsoft.Extensions.DependencyInjection.ServiceLookup.CallSiteVisitor`2.VisitCallSite(ServiceCallSite callSite, TArgument argument)
   at Microsoft.Extensions.DependencyInjection.ServiceLookup.CallSiteRuntimeResolver.Resolve(ServiceCallSite callSite, ServiceProviderEngineScope scope)
   at Microsoft.Extensions.DependencyInjection.ServiceLookup.DynamicServiceProviderEngine.<>c__DisplayClass2_0.<RealizeService>b__0(ServiceProviderEngineScope scope)
   at Microsoft.Extensions.DependencyInjection.ServiceProviderServiceExtensions.GetRequiredService(IServiceProvider provider, Type serviceType)
   at Microsoft.Extensions.DependencyInjection.ServiceProviderServiceExtensions.GetRequiredService[T](IServiceProvider provider)
   at Microsoft.EntityFrameworkCore.DbContext.get_DbContextDependencies()
   at Microsoft.EntityFrameworkCore.DbContext.get_ContextServices()
   at Microsoft.EntityFrameworkCore.DbContext.get_Model()
   at Microsoft.EntityFrameworkCore.Internal.InternalDbSet`1.get_EntityType()
   at Microsoft.EntityFrameworkCore.Internal.InternalDbSet`1.get_Finder()
   at Microsoft.EntityFrameworkCore.Internal.InternalDbSet`1.Find(Object[] keyValues)
   at Infrastructure.Repository.ClinicaRepository.GetClinicaById(Int32 id) in C:\Users\User\Documents\NETCORE\hexagon-architecture-net-core\PLANTILLA_WS\4. Infrastructure\Infrastructure\Repository\ClinicaRepository.cs:line 21
   at Application.Services.ClinicaAppService.GetClinicaById(Int32 id) in C:\Users\User\Documents\NETCORE\hexagon-architecture-net-core\PLANTILLA_WS\2. Application\Application\Services\ClinicaAppService.cs:line 24
   at Services.Api.Controllers.ClinicaController.GetClinicaById(Int32 clinicaId) in C:\Users\User\Documents\NETCORE\hexagon-architecture-net-core\PLANTILLA_WS\1. Services\Services.Api\Controllers\ClinicaController.cs:line 29
2024-06-26T15:06:36.7609379-05:00 0HN4M3AEB58P9:0000000D [ERR] Ha ocurrido un error al consultar la clinica (84ab7829)
System.InvalidOperationException: The entity type 'ClinicaModel' requires a primary key to be defined. If you intended to use a keyless entity type, call 'HasNoKey' in 'OnModelCreating'. For more information on keyless entity types, see https://go.microsoft.com/fwlink/?linkid=2141943.
   at Microsoft.EntityFrameworkCore.Infrastructure.ModelValidator.ValidateNonNullPrimaryKeys(IModel model, IDiagnosticsLogger`1 logger)
   at Microsoft.EntityFrameworkCore.Infrastructure.ModelValidator.Validate(IModel model, IDiagnosticsLogger`1 logger)
   at Microsoft.EntityFrameworkCore.Infrastructure.RelationalModelValidator.Validate(IModel model, IDiagnosticsLogger`1 logger)
   at Npgsql.EntityFrameworkCore.PostgreSQL.Infrastructure.Internal.NpgsqlModelValidator.Validate(IModel model, IDiagnosticsLogger`1 logger)
   at Microsoft.EntityFrameworkCore.Infrastructure.ModelRuntimeInitializer.Initialize(IModel model, Boolean designTime, IDiagnosticsLogger`1 validationLogger)
   at Microsoft.EntityFrameworkCore.Infrastructure.ModelSource.GetModel(DbContext context, ModelCreationDependencies modelCreationDependencies, Boolean designTime)
   at Microsoft.EntityFrameworkCore.Internal.DbContextServices.CreateModel(Boolean designTime)
   at Microsoft.EntityFrameworkCore.Internal.DbContextServices.get_Model()
   at Microsoft.EntityFrameworkCore.Infrastructure.EntityFrameworkServicesBuilder.<>c.<TryAddCoreServices>b__8_4(IServiceProvider p)
   at Microsoft.Extensions.DependencyInjection.ServiceLookup.CallSiteVisitor`2.VisitCallSiteMain(ServiceCallSite callSite, TArgument argument)
   at Microsoft.Extensions.DependencyInjection.ServiceLookup.CallSiteRuntimeResolver.VisitCache(ServiceCallSite callSite, RuntimeResolverContext context, ServiceProviderEngineScope serviceProviderEngine, RuntimeResolverLock lockType)
   at Microsoft.Extensions.DependencyInjection.ServiceLookup.CallSiteVisitor`2.VisitCallSite(ServiceCallSite callSite, TArgument argument)
   at Microsoft.Extensions.DependencyInjection.ServiceLookup.CallSiteVisitor`2.VisitCallSiteMain(ServiceCallSite callSite, TArgument argument)
   at Microsoft.Extensions.DependencyInjection.ServiceLookup.CallSiteRuntimeResolver.VisitCache(ServiceCallSite callSite, RuntimeResolverContext context, ServiceProviderEngineScope serviceProviderEngine, RuntimeResolverLock lockType)
   at Microsoft.Extensions.DependencyInjection.ServiceLookup.CallSiteVisitor`2.VisitCallSite(ServiceCallSite callSite, TArgument argument)
   at Microsoft.Extensions.DependencyInjection.ServiceLookup.CallSiteVisitor`2.VisitCallSiteMain(ServiceCallSite callSite, TArgument argument)
   at Microsoft.Extensions.DependencyInjection.ServiceLookup.CallSiteRuntimeResolver.VisitCache(ServiceCallSite callSite, RuntimeResolverContext context, ServiceProviderEngineScope serviceProviderEngine, RuntimeResolverLock lockType)
   at Microsoft.Extensions.DependencyInjection.ServiceLookup.CallSiteVisitor`2.VisitCallSite(ServiceCallSite callSite, TArgument argument)
   at Microsoft.Extensions.DependencyInjection.ServiceLookup.CallSiteVisitor`2.VisitCallSiteMain(ServiceCallSite callSite, TArgument argument)
   at Microsoft.Extensions.DependencyInjection.ServiceLookup.CallSiteRuntimeResolver.VisitCache(ServiceCallSite callSite, RuntimeResolverContext context, ServiceProviderEngineScope serviceProviderEngine, RuntimeResolverLock lockType)
   at Microsoft.Extensions.DependencyInjection.ServiceLookup.CallSiteVisitor`2.VisitCallSite(ServiceCallSite callSite, TArgument argument)
   at Microsoft.Extensions.DependencyInjection.ServiceLookup.CallSiteVisitor`2.VisitCallSiteMain(ServiceCallSite callSite, TArgument argument)
   at Microsoft.Extensions.DependencyInjection.ServiceLookup.CallSiteRuntimeResolver.VisitCache(ServiceCallSite callSite, RuntimeResolverContext context, ServiceProviderEngineScope serviceProviderEngine, RuntimeResolverLock lockType)
   at Microsoft.Extensions.DependencyInjection.ServiceLookup.CallSiteVisitor`2.VisitCallSite(ServiceCallSite callSite, TArgument argument)
   at Microsoft.Extensions.DependencyInjection.ServiceLookup.CallSiteVisitor`2.VisitCallSiteMain(ServiceCallSite callSite, TArgument argument)
   at Microsoft.Extensions.DependencyInjection.ServiceLookup.CallSiteRuntimeResolver.VisitCache(ServiceCallSite callSite, RuntimeResolverContext context, ServiceProviderEngineScope serviceProviderEngine, RuntimeResolverLock lockType)
   at Microsoft.Extensions.DependencyInjection.ServiceLookup.CallSiteVisitor`2.VisitCallSite(ServiceCallSite callSite, TArgument argument)
   at Microsoft.Extensions.DependencyInjection.ServiceLookup.CallSiteRuntimeResolver.Resolve(ServiceCallSite callSite, ServiceProviderEngineScope scope)
   at Microsoft.Extensions.DependencyInjection.ServiceLookup.DynamicServiceProviderEngine.<>c__DisplayClass2_0.<RealizeService>b__0(ServiceProviderEngineScope scope)
   at Microsoft.Extensions.DependencyInjection.ServiceProviderServiceExtensions.GetRequiredService(IServiceProvider provider, Type serviceType)
   at Microsoft.Extensions.DependencyInjection.ServiceProviderServiceExtensions.GetRequiredService[T](IServiceProvider provider)
   at Microsoft.EntityFrameworkCore.DbContext.get_DbContextDependencies()
   at Microsoft.EntityFrameworkCore.DbContext.get_ContextServices()
   at Microsoft.EntityFrameworkCore.DbContext.get_Model()
   at Microsoft.EntityFrameworkCore.Internal.InternalDbSet`1.get_EntityType()
   at Microsoft.EntityFrameworkCore.Internal.InternalDbSet`1.get_Finder()
   at Microsoft.EntityFrameworkCore.Internal.InternalDbSet`1.Find(Object[] keyValues)
   at Infrastructure.Repository.ClinicaRepository.GetClinicaById(Int32 id)
   at Application.Services.ClinicaAppService.GetClinicaById(Int32 id) in C:\Users\User\Documents\NETCORE\hexagon-architecture-net-core\PLANTILLA_WS\2. Application\Application\Services\ClinicaAppService.cs:line 24
   at Services.Api.Controllers.ClinicaController.GetClinicaById(Int32 clinicaId) in C:\Users\User\Documents\NETCORE\hexagon-architecture-net-core\PLANTILLA_WS\1. Services\Services.Api\Controllers\ClinicaController.cs:line 29
2024-06-26T15:06:49.2522271-05:00 0HN4M3AEB58P9:00000017 [ERR] Failed executing DbCommand ("74"ms) [Parameters=["@__p_0='?' (DbType = Int32)"], CommandType='Text', CommandTimeout='30']"
""SELECT c.\"ID_CLINICA\", c.\"COLOR_PRINCIPAL\", c.\"COLOR_SECUNDARY\", c.\"CREATED_AT\", c.\"DESC_CLINICA\", c.\"LOGO_CLINICA\", c.\"NAME_CLINICA\", c.\"TYPE_CLINICA\", c.\"UPDATED_AT\"
FROM \"Clinica\" AS c
WHERE c.\"ID_CLINICA\" = @__p_0
LIMIT 1" (627a98df)
2024-06-26T15:12:38.0706931-05:00  [INF] Now listening on: "https://localhost:7279" (d826f4b8)
2024-06-26T15:12:38.0740688-05:00  [INF] Now listening on: "http://localhost:5036" (d826f4b8)
2024-06-26T15:12:38.0771455-05:00  [INF] Application started. Press Ctrl+C to shut down. (dcaefe54)
2024-06-26T15:12:38.0836331-05:00  [INF] Hosting environment: "Development" (bc5a1a4e)
2024-06-26T15:12:38.0862649-05:00  [INF] Content root path: "C:\Users\User\Documents\NETCORE\hexagon-architecture-net-core\PLANTILLA_WS\1. Services\Services.Api" (cc26f24e)
2024-06-26T15:13:05.5788734-05:00 0HN4M3H9NV4JD:00000001 [INF] Executed DbCommand ("61"ms) [Parameters=["@__p_0='?' (DbType = Int32)"], CommandType='Text', CommandTimeout='30']"
""SELECT c.id_clinica, c.color_principal, c.color_secundary, c.created_at, c.desc_clinica, c.logo_clinica, c.name_clinica, c.type_clinica, c.updated_at
FROM \"Clinica\" AS c
WHERE c.id_clinica = @__p_0
LIMIT 1" (0723d8ff)
2024-06-26T15:13:48.7546566-05:00 0HN4M3H9NV4JD:00000001 [ERR] Ha ocurrido un error al consultar la clinica (84ab7829)
System.NullReferenceException: Object reference not set to an instance of an object.
   at Application.Mappers.Mapper.ClinicaMapper.MapClinica(ClinicaModel clinicaModel) in C:\Users\User\Documents\NETCORE\hexagon-architecture-net-core\PLANTILLA_WS\2. Application\Application\Mappers\Mapper\ClinicaMapper.cs:line 12
   at Application.Services.ClinicaAppService.GetClinicaById(Int32 id) in C:\Users\User\Documents\NETCORE\hexagon-architecture-net-core\PLANTILLA_WS\2. Application\Application\Services\ClinicaAppService.cs:line 25
   at Services.Api.Controllers.ClinicaController.GetClinicaById(Int32 clinicaId) in C:\Users\User\Documents\NETCORE\hexagon-architecture-net-core\PLANTILLA_WS\1. Services\Services.Api\Controllers\ClinicaController.cs:line 29
2024-06-26T15:14:03.3295980-05:00 0HN4M3H9NV4JD:00000003 [INF] Executed DbCommand ("3"ms) [Parameters=["@__p_0='?' (DbType = Int32)"], CommandType='Text', CommandTimeout='30']"
""SELECT c.id_clinica, c.color_principal, c.color_secundary, c.created_at, c.desc_clinica, c.logo_clinica, c.name_clinica, c.type_clinica, c.updated_at
FROM \"Clinica\" AS c
WHERE c.id_clinica = @__p_0
LIMIT 1" (0723d8ff)
2024-06-26T15:16:51.6026323-05:00  [INF] Now listening on: "https://localhost:7279" (d826f4b8)
2024-06-26T15:16:51.6059128-05:00  [INF] Now listening on: "http://localhost:5036" (d826f4b8)
2024-06-26T15:16:51.6092350-05:00  [INF] Application started. Press Ctrl+C to shut down. (dcaefe54)
2024-06-26T15:16:51.6165107-05:00  [INF] Hosting environment: "Development" (bc5a1a4e)
2024-06-26T15:16:51.6178942-05:00  [INF] Content root path: "C:\Users\User\Documents\NETCORE\hexagon-architecture-net-core\PLANTILLA_WS\1. Services\Services.Api" (cc26f24e)
2024-06-26T15:17:37.7565218-05:00 0HN4M3JL88GMS:00000009 [INF] Executed DbCommand ("102"ms) [Parameters=["@__p_0='?' (DbType = Int32)"], CommandType='Text', CommandTimeout='30']"
""SELECT c.id_clinica, c.color_principal, c.color_secundary, c.created_at, c.desc_clinica, c.logo_clinica, c.name_clinica, c.type_clinica, c.updated_at
FROM \"Clinica\" AS c
WHERE c.id_clinica = @__p_0
LIMIT 1" (0723d8ff)
2024-06-26T15:19:01.2792808-05:00 0HN4M3JL88GMS:0000000B [INF] Executed DbCommand ("30"ms) [Parameters=["@p0='?' (DbType = Int32), @p1='?', @p2='?', @p3='?' (DbType = DateTime), @p4='?', @p5='?' (DbType = Binary), @p6='?', @p7='?', @p8='?' (DbType = DateTime)"], CommandType='Text', CommandTimeout='30']"
""INSERT INTO \"Clinica\" (id_clinica, color_principal, color_secundary, created_at, desc_clinica, logo_clinica, name_clinica, type_clinica, updated_at)
VALUES (@p0, @p1, @p2, @p3, @p4, @p5, @p6, @p7, @p8);" (0723d8ff)
2024-06-26T15:20:07.8732123-05:00 0HN4M3JL88GMT:00000001 [INF] Executed DbCommand ("1"ms) [Parameters=["@__p_0='?' (DbType = Int32)"], CommandType='Text', CommandTimeout='30']"
""SELECT c.id_clinica, c.color_principal, c.color_secundary, c.created_at, c.desc_clinica, c.logo_clinica, c.name_clinica, c.type_clinica, c.updated_at
FROM \"Clinica\" AS c
WHERE c.id_clinica = @__p_0
LIMIT 1" (0723d8ff)
2024-06-26T15:20:14.9738687-05:00 0HN4M3JL88GMT:00000001 [ERR] Ha ocurrido un error al actualizar la clinica (5e6a32b9)
System.NullReferenceException: Object reference not set to an instance of an object.
   at Application.Mappers.Mapper.ClinicaMapper.MapClinica(ClinicaModel clinicaModel) in C:\Users\User\Documents\NETCORE\hexagon-architecture-net-core\PLANTILLA_WS\2. Application\Application\Mappers\Mapper\ClinicaMapper.cs:line 12
   at Application.Services.ClinicaAppService.UpdateClinica(ClinicaViewModel clinicaViewModel) in C:\Users\User\Documents\NETCORE\hexagon-architecture-net-core\PLANTILLA_WS\2. Application\Application\Services\ClinicaAppService.cs:line 41
   at Services.Api.Controllers.ClinicaController.UpdateClinica(ClinicaViewModel clinicaViewModel) in C:\Users\User\Documents\NETCORE\hexagon-architecture-net-core\PLANTILLA_WS\1. Services\Services.Api\Controllers\ClinicaController.cs:line 91
2024-06-26T15:20:29.4074905-05:00 0HN4M3JL88GMT:00000003 [INF] Executed DbCommand ("1"ms) [Parameters=["@__p_0='?' (DbType = Int32)"], CommandType='Text', CommandTimeout='30']"
""SELECT c.id_clinica, c.color_principal, c.color_secundary, c.created_at, c.desc_clinica, c.logo_clinica, c.name_clinica, c.type_clinica, c.updated_at
FROM \"Clinica\" AS c
WHERE c.id_clinica = @__p_0
LIMIT 1" (0723d8ff)
2024-06-26T15:20:29.4453243-05:00 0HN4M3JL88GMT:00000003 [INF] Executed DbCommand ("4"ms) [Parameters=["@p7='?' (DbType = Int32), @p0='?', @p1='?', @p2='?', @p3='?' (DbType = Binary), @p4='?', @p5='?', @p6='?' (DbType = DateTime)"], CommandType='Text', CommandTimeout='30']"
""UPDATE \"Clinica\" SET color_principal = @p0, color_secundary = @p1, desc_clinica = @p2, logo_clinica = @p3, name_clinica = @p4, type_clinica = @p5, updated_at = @p6
WHERE id_clinica = @p7;" (0723d8ff)
2024-06-26T15:20:53.9380913-05:00 0HN4M3JL88GMT:00000005 [ERR] Failed executing DbCommand ("23"ms) [Parameters=["@p0='?' (DbType = Int32), @p1='?', @p2='?', @p3='?' (DbType = DateTime), @p4='?', @p5='?' (DbType = Binary), @p6='?', @p7='?', @p8='?' (DbType = DateTime)"], CommandType='Text', CommandTimeout='30']"
""INSERT INTO \"Clinica\" (id_clinica, color_principal, color_secundary, created_at, desc_clinica, logo_clinica, name_clinica, type_clinica, updated_at)
VALUES (@p0, @p1, @p2, @p3, @p4, @p5, @p6, @p7, @p8);" (627a98df)
2024-06-26T15:20:53.9741036-05:00 0HN4M3JL88GMT:00000005 [ERR] An exception occurred in the database while saving changes for context type '"Infrastructure.Context.ContextDatabase"'."
""Microsoft.EntityFrameworkCore.DbUpdateException: An error occurred while saving the entity changes. See the inner exception for details.
 ---> Npgsql.PostgresException (0x80004005): 23505: duplicate key value violates unique constraint \"clinica_pk\"

DETAIL: Detail redacted as it may contain sensitive data. Specify 'Include Error Detail' in the connection string to include this information.
   at Npgsql.Internal.NpgsqlConnector.ReadMessageLong(Boolean async, DataRowLoadingMode dataRowLoadingMode, Boolean readingNotifications, Boolean isReadingPrependedMessage)
   at System.Runtime.CompilerServices.PoolingAsyncValueTaskMethodBuilder`1.StateMachineBox`1.System.Threading.Tasks.Sources.IValueTaskSource<TResult>.GetResult(Int16 token)
   at Npgsql.NpgsqlDataReader.NextResult(Boolean async, Boolean isConsuming, CancellationToken cancellationToken)
   at Npgsql.NpgsqlDataReader.NextResult(Boolean async, Boolean isConsuming, CancellationToken cancellationToken)
   at Npgsql.NpgsqlDataReader.NextResult()
   at Npgsql.NpgsqlCommand.ExecuteReader(Boolean async, CommandBehavior behavior, CancellationToken cancellationToken)
   at Npgsql.NpgsqlCommand.ExecuteReader(Boolean async, CommandBehavior behavior, CancellationToken cancellationToken)
   at Npgsql.NpgsqlCommand.ExecuteReader(CommandBehavior behavior)
   at Npgsql.NpgsqlCommand.ExecuteDbDataReader(CommandBehavior behavior)
   at Microsoft.EntityFrameworkCore.Storage.RelationalCommand.ExecuteReader(RelationalCommandParameterObject parameterObject)
   at Microsoft.EntityFrameworkCore.Update.ReaderModificationCommandBatch.Execute(IRelationalConnection connection)
  Exception data:
    Severity: ERROR
    SqlState: 23505
    MessageText: duplicate key value violates unique constraint \"clinica_pk\"
    Detail: Detail redacted as it may contain sensitive data. Specify 'Include Error Detail' in the connection string to include this information.
    SchemaName: public
    TableName: Clinica
    ConstraintName: clinica_pk
    File: nbtinsert.c
    Line: 671
    Routine: _bt_check_unique
   --- End of inner exception stack trace ---
   at Microsoft.EntityFrameworkCore.Update.ReaderModificationCommandBatch.Execute(IRelationalConnection connection)
   at Microsoft.EntityFrameworkCore.Update.Internal.BatchExecutor.Execute(IEnumerable`1 commandBatches, IRelationalConnection connection)
   at Microsoft.EntityFrameworkCore.Storage.RelationalDatabase.SaveChanges(IList`1 entries)
   at Microsoft.EntityFrameworkCore.ChangeTracking.Internal.StateManager.SaveChanges(IList`1 entriesToSave)
   at Microsoft.EntityFrameworkCore.ChangeTracking.Internal.StateManager.SaveChanges(StateManager stateManager, Boolean acceptAllChangesOnSuccess)
   at Microsoft.EntityFrameworkCore.ChangeTracking.Internal.StateManager.<>c.<SaveChanges>b__112_0(DbContext _, ValueTuple`2 t)
   at Npgsql.EntityFrameworkCore.PostgreSQL.Storage.Internal.NpgsqlExecutionStrategy.Execute[TState,TResult](TState state, Func`3 operation, Func`3 verifySucceeded)
   at Microsoft.EntityFrameworkCore.ChangeTracking.Internal.StateManager.SaveChanges(Boolean acceptAllChangesOnSuccess)
   at Microsoft.EntityFrameworkCore.DbContext.SaveChanges(Boolean acceptAllChangesOnSuccess)" (170f029e)
Microsoft.EntityFrameworkCore.DbUpdateException: An error occurred while saving the entity changes. See the inner exception for details.
 ---> Npgsql.PostgresException (0x80004005): 23505: duplicate key value violates unique constraint "clinica_pk"

DETAIL: Detail redacted as it may contain sensitive data. Specify 'Include Error Detail' in the connection string to include this information.
   at Npgsql.Internal.NpgsqlConnector.ReadMessageLong(Boolean async, DataRowLoadingMode dataRowLoadingMode, Boolean readingNotifications, Boolean isReadingPrependedMessage)
   at System.Runtime.CompilerServices.PoolingAsyncValueTaskMethodBuilder`1.StateMachineBox`1.System.Threading.Tasks.Sources.IValueTaskSource<TResult>.GetResult(Int16 token)
   at Npgsql.NpgsqlDataReader.NextResult(Boolean async, Boolean isConsuming, CancellationToken cancellationToken)
   at Npgsql.NpgsqlDataReader.NextResult(Boolean async, Boolean isConsuming, CancellationToken cancellationToken)
   at Npgsql.NpgsqlDataReader.NextResult()
   at Npgsql.NpgsqlCommand.ExecuteReader(Boolean async, CommandBehavior behavior, CancellationToken cancellationToken)
   at Npgsql.NpgsqlCommand.ExecuteReader(Boolean async, CommandBehavior behavior, CancellationToken cancellationToken)
   at Npgsql.NpgsqlCommand.ExecuteReader(CommandBehavior behavior)
   at Npgsql.NpgsqlCommand.ExecuteDbDataReader(CommandBehavior behavior)
   at Microsoft.EntityFrameworkCore.Storage.RelationalCommand.ExecuteReader(RelationalCommandParameterObject parameterObject)
   at Microsoft.EntityFrameworkCore.Update.ReaderModificationCommandBatch.Execute(IRelationalConnection connection)
  Exception data:
    Severity: ERROR
    SqlState: 23505
    MessageText: duplicate key value violates unique constraint "clinica_pk"
    Detail: Detail redacted as it may contain sensitive data. Specify 'Include Error Detail' in the connection string to include this information.
    SchemaName: public
    TableName: Clinica
    ConstraintName: clinica_pk
    File: nbtinsert.c
    Line: 671
    Routine: _bt_check_unique
   --- End of inner exception stack trace ---
   at Microsoft.EntityFrameworkCore.Update.ReaderModificationCommandBatch.Execute(IRelationalConnection connection)
   at Microsoft.EntityFrameworkCore.Update.Internal.BatchExecutor.Execute(IEnumerable`1 commandBatches, IRelationalConnection connection)
   at Microsoft.EntityFrameworkCore.Storage.RelationalDatabase.SaveChanges(IList`1 entries)
   at Microsoft.EntityFrameworkCore.ChangeTracking.Internal.StateManager.SaveChanges(IList`1 entriesToSave)
   at Microsoft.EntityFrameworkCore.ChangeTracking.Internal.StateManager.SaveChanges(StateManager stateManager, Boolean acceptAllChangesOnSuccess)
   at Microsoft.EntityFrameworkCore.ChangeTracking.Internal.StateManager.<>c.<SaveChanges>b__112_0(DbContext _, ValueTuple`2 t)
   at Npgsql.EntityFrameworkCore.PostgreSQL.Storage.Internal.NpgsqlExecutionStrategy.Execute[TState,TResult](TState state, Func`3 operation, Func`3 verifySucceeded)
   at Microsoft.EntityFrameworkCore.ChangeTracking.Internal.StateManager.SaveChanges(Boolean acceptAllChangesOnSuccess)
   at Microsoft.EntityFrameworkCore.DbContext.SaveChanges(Boolean acceptAllChangesOnSuccess)
   at Microsoft.EntityFrameworkCore.DbContext.SaveChanges()
   at Infrastructure.Context.ContextDatabase.SaveChanges() in C:\Users\User\Documents\NETCORE\hexagon-architecture-net-core\PLANTILLA_WS\4. Infrastructure\Infrastructure\Context\ContextDatabase.cs:line 24
   at Infrastructure.Repository.ClinicaRepository.RegisterClinica(ClinicaModel clinicaModel) in C:\Users\User\Documents\NETCORE\hexagon-architecture-net-core\PLANTILLA_WS\4. Infrastructure\Infrastructure\Repository\ClinicaRepository.cs:line 29
   at Application.Services.ClinicaAppService.RegisterClinica(ClinicaViewModel clinicaViewModel) in C:\Users\User\Documents\NETCORE\hexagon-architecture-net-core\PLANTILLA_WS\2. Application\Application\Services\ClinicaAppService.cs:line 34
   at Services.Api.Controllers.ClinicaController.AddClinica(ClinicaViewModel clinicaViewModel) in C:\Users\User\Documents\NETCORE\hexagon-architecture-net-core\PLANTILLA_WS\1. Services\Services.Api\Controllers\ClinicaController.cs:line 60
2024-06-26T15:20:54.0367222-05:00 0HN4M3JL88GMT:00000005 [ERR] Ha ocurrido un error al insertar la clinica (25120ea5)
Microsoft.EntityFrameworkCore.DbUpdateException: An error occurred while saving the entity changes. See the inner exception for details.
 ---> Npgsql.PostgresException (0x80004005): 23505: duplicate key value violates unique constraint "clinica_pk"

DETAIL: Detail redacted as it may contain sensitive data. Specify 'Include Error Detail' in the connection string to include this information.
   at Npgsql.Internal.NpgsqlConnector.ReadMessageLong(Boolean async, DataRowLoadingMode dataRowLoadingMode, Boolean readingNotifications, Boolean isReadingPrependedMessage)
   at System.Runtime.CompilerServices.PoolingAsyncValueTaskMethodBuilder`1.StateMachineBox`1.System.Threading.Tasks.Sources.IValueTaskSource<TResult>.GetResult(Int16 token)
   at Npgsql.NpgsqlDataReader.NextResult(Boolean async, Boolean isConsuming, CancellationToken cancellationToken)
   at Npgsql.NpgsqlDataReader.NextResult(Boolean async, Boolean isConsuming, CancellationToken cancellationToken)
   at Npgsql.NpgsqlDataReader.NextResult()
   at Npgsql.NpgsqlCommand.ExecuteReader(Boolean async, CommandBehavior behavior, CancellationToken cancellationToken)
   at Npgsql.NpgsqlCommand.ExecuteReader(Boolean async, CommandBehavior behavior, CancellationToken cancellationToken)
   at Npgsql.NpgsqlCommand.ExecuteReader(CommandBehavior behavior)
   at Npgsql.NpgsqlCommand.ExecuteDbDataReader(CommandBehavior behavior)
   at Microsoft.EntityFrameworkCore.Storage.RelationalCommand.ExecuteReader(RelationalCommandParameterObject parameterObject)
   at Microsoft.EntityFrameworkCore.Update.ReaderModificationCommandBatch.Execute(IRelationalConnection connection)
  Exception data:
    Severity: ERROR
    SqlState: 23505
    MessageText: duplicate key value violates unique constraint "clinica_pk"
    Detail: Detail redacted as it may contain sensitive data. Specify 'Include Error Detail' in the connection string to include this information.
    SchemaName: public
    TableName: Clinica
    ConstraintName: clinica_pk
    File: nbtinsert.c
    Line: 671
    Routine: _bt_check_unique
   --- End of inner exception stack trace ---
   at Microsoft.EntityFrameworkCore.Update.ReaderModificationCommandBatch.Execute(IRelationalConnection connection)
   at Microsoft.EntityFrameworkCore.Update.Internal.BatchExecutor.Execute(IEnumerable`1 commandBatches, IRelationalConnection connection)
   at Microsoft.EntityFrameworkCore.Storage.RelationalDatabase.SaveChanges(IList`1 entries)
   at Microsoft.EntityFrameworkCore.ChangeTracking.Internal.StateManager.SaveChanges(IList`1 entriesToSave)
   at Microsoft.EntityFrameworkCore.ChangeTracking.Internal.StateManager.SaveChanges(StateManager stateManager, Boolean acceptAllChangesOnSuccess)
   at Microsoft.EntityFrameworkCore.ChangeTracking.Internal.StateManager.<>c.<SaveChanges>b__112_0(DbContext _, ValueTuple`2 t)
   at Npgsql.EntityFrameworkCore.PostgreSQL.Storage.Internal.NpgsqlExecutionStrategy.Execute[TState,TResult](TState state, Func`3 operation, Func`3 verifySucceeded)
   at Microsoft.EntityFrameworkCore.ChangeTracking.Internal.StateManager.SaveChanges(Boolean acceptAllChangesOnSuccess)
   at Microsoft.EntityFrameworkCore.DbContext.SaveChanges(Boolean acceptAllChangesOnSuccess)
   at Microsoft.EntityFrameworkCore.DbContext.SaveChanges()
   at Infrastructure.Context.ContextDatabase.SaveChanges() in C:\Users\User\Documents\NETCORE\hexagon-architecture-net-core\PLANTILLA_WS\4. Infrastructure\Infrastructure\Context\ContextDatabase.cs:line 24
   at Infrastructure.Repository.ClinicaRepository.RegisterClinica(ClinicaModel clinicaModel) in C:\Users\User\Documents\NETCORE\hexagon-architecture-net-core\PLANTILLA_WS\4. Infrastructure\Infrastructure\Repository\ClinicaRepository.cs:line 29
   at Application.Services.ClinicaAppService.RegisterClinica(ClinicaViewModel clinicaViewModel) in C:\Users\User\Documents\NETCORE\hexagon-architecture-net-core\PLANTILLA_WS\2. Application\Application\Services\ClinicaAppService.cs:line 34
   at Services.Api.Controllers.ClinicaController.AddClinica(ClinicaViewModel clinicaViewModel) in C:\Users\User\Documents\NETCORE\hexagon-architecture-net-core\PLANTILLA_WS\1. Services\Services.Api\Controllers\ClinicaController.cs:line 60
2024-06-26T15:21:31.5865877-05:00 0HN4M3JL88GMT:00000007 [ERR] Failed executing DbCommand ("4"ms) [Parameters=["@p0='?' (DbType = Int32), @p1='?', @p2='?', @p3='?' (DbType = DateTime), @p4='?', @p5='?' (DbType = Binary), @p6='?', @p7='?', @p8='?' (DbType = DateTime)"], CommandType='Text', CommandTimeout='30']"
""INSERT INTO \"Clinica\" (id_clinica, color_principal, color_secundary, created_at, desc_clinica, logo_clinica, name_clinica, type_clinica, updated_at)
VALUES (@p0, @p1, @p2, @p3, @p4, @p5, @p6, @p7, @p8);" (627a98df)
2024-06-26T15:21:31.6135202-05:00 0HN4M3JL88GMT:00000007 [ERR] An exception occurred in the database while saving changes for context type '"Infrastructure.Context.ContextDatabase"'."
""Microsoft.EntityFrameworkCore.DbUpdateException: An error occurred while saving the entity changes. See the inner exception for details.
 ---> Npgsql.PostgresException (0x80004005): 23505: duplicate key value violates unique constraint \"clinica_pk\"

DETAIL: Detail redacted as it may contain sensitive data. Specify 'Include Error Detail' in the connection string to include this information.
   at Npgsql.Internal.NpgsqlConnector.ReadMessageLong(Boolean async, DataRowLoadingMode dataRowLoadingMode, Boolean readingNotifications, Boolean isReadingPrependedMessage)
   at System.Runtime.CompilerServices.PoolingAsyncValueTaskMethodBuilder`1.StateMachineBox`1.System.Threading.Tasks.Sources.IValueTaskSource<TResult>.GetResult(Int16 token)
   at Npgsql.NpgsqlDataReader.NextResult(Boolean async, Boolean isConsuming, CancellationToken cancellationToken)
   at Npgsql.NpgsqlDataReader.NextResult(Boolean async, Boolean isConsuming, CancellationToken cancellationToken)
   at Npgsql.NpgsqlDataReader.NextResult()
   at Npgsql.NpgsqlCommand.ExecuteReader(Boolean async, CommandBehavior behavior, CancellationToken cancellationToken)
   at Npgsql.NpgsqlCommand.ExecuteReader(Boolean async, CommandBehavior behavior, CancellationToken cancellationToken)
   at Npgsql.NpgsqlCommand.ExecuteReader(CommandBehavior behavior)
   at Npgsql.NpgsqlCommand.ExecuteDbDataReader(CommandBehavior behavior)
   at Microsoft.EntityFrameworkCore.Storage.RelationalCommand.ExecuteReader(RelationalCommandParameterObject parameterObject)
   at Microsoft.EntityFrameworkCore.Update.ReaderModificationCommandBatch.Execute(IRelationalConnection connection)
  Exception data:
    Severity: ERROR
    SqlState: 23505
    MessageText: duplicate key value violates unique constraint \"clinica_pk\"
    Detail: Detail redacted as it may contain sensitive data. Specify 'Include Error Detail' in the connection string to include this information.
    SchemaName: public
    TableName: Clinica
    ConstraintName: clinica_pk
    File: nbtinsert.c
    Line: 671
    Routine: _bt_check_unique
   --- End of inner exception stack trace ---
   at Microsoft.EntityFrameworkCore.Update.ReaderModificationCommandBatch.Execute(IRelationalConnection connection)
   at Microsoft.EntityFrameworkCore.Update.Internal.BatchExecutor.Execute(IEnumerable`1 commandBatches, IRelationalConnection connection)
   at Microsoft.EntityFrameworkCore.Storage.RelationalDatabase.SaveChanges(IList`1 entries)
   at Microsoft.EntityFrameworkCore.ChangeTracking.Internal.StateManager.SaveChanges(IList`1 entriesToSave)
   at Microsoft.EntityFrameworkCore.ChangeTracking.Internal.StateManager.SaveChanges(StateManager stateManager, Boolean acceptAllChangesOnSuccess)
   at Microsoft.EntityFrameworkCore.ChangeTracking.Internal.StateManager.<>c.<SaveChanges>b__112_0(DbContext _, ValueTuple`2 t)
   at Npgsql.EntityFrameworkCore.PostgreSQL.Storage.Internal.NpgsqlExecutionStrategy.Execute[TState,TResult](TState state, Func`3 operation, Func`3 verifySucceeded)
   at Microsoft.EntityFrameworkCore.ChangeTracking.Internal.StateManager.SaveChanges(Boolean acceptAllChangesOnSuccess)
   at Microsoft.EntityFrameworkCore.DbContext.SaveChanges(Boolean acceptAllChangesOnSuccess)" (170f029e)
Microsoft.EntityFrameworkCore.DbUpdateException: An error occurred while saving the entity changes. See the inner exception for details.
 ---> Npgsql.PostgresException (0x80004005): 23505: duplicate key value violates unique constraint "clinica_pk"

DETAIL: Detail redacted as it may contain sensitive data. Specify 'Include Error Detail' in the connection string to include this information.
   at Npgsql.Internal.NpgsqlConnector.ReadMessageLong(Boolean async, DataRowLoadingMode dataRowLoadingMode, Boolean readingNotifications, Boolean isReadingPrependedMessage)
   at System.Runtime.CompilerServices.PoolingAsyncValueTaskMethodBuilder`1.StateMachineBox`1.System.Threading.Tasks.Sources.IValueTaskSource<TResult>.GetResult(Int16 token)
   at Npgsql.NpgsqlDataReader.NextResult(Boolean async, Boolean isConsuming, CancellationToken cancellationToken)
   at Npgsql.NpgsqlDataReader.NextResult(Boolean async, Boolean isConsuming, CancellationToken cancellationToken)
   at Npgsql.NpgsqlDataReader.NextResult()
   at Npgsql.NpgsqlCommand.ExecuteReader(Boolean async, CommandBehavior behavior, CancellationToken cancellationToken)
   at Npgsql.NpgsqlCommand.ExecuteReader(Boolean async, CommandBehavior behavior, CancellationToken cancellationToken)
   at Npgsql.NpgsqlCommand.ExecuteReader(CommandBehavior behavior)
   at Npgsql.NpgsqlCommand.ExecuteDbDataReader(CommandBehavior behavior)
   at Microsoft.EntityFrameworkCore.Storage.RelationalCommand.ExecuteReader(RelationalCommandParameterObject parameterObject)
   at Microsoft.EntityFrameworkCore.Update.ReaderModificationCommandBatch.Execute(IRelationalConnection connection)
  Exception data:
    Severity: ERROR
    SqlState: 23505
    MessageText: duplicate key value violates unique constraint "clinica_pk"
    Detail: Detail redacted as it may contain sensitive data. Specify 'Include Error Detail' in the connection string to include this information.
    SchemaName: public
    TableName: Clinica
    ConstraintName: clinica_pk
    File: nbtinsert.c
    Line: 671
    Routine: _bt_check_unique
   --- End of inner exception stack trace ---
   at Microsoft.EntityFrameworkCore.Update.ReaderModificationCommandBatch.Execute(IRelationalConnection connection)
   at Microsoft.EntityFrameworkCore.Update.Internal.BatchExecutor.Execute(IEnumerable`1 commandBatches, IRelationalConnection connection)
   at Microsoft.EntityFrameworkCore.Storage.RelationalDatabase.SaveChanges(IList`1 entries)
   at Microsoft.EntityFrameworkCore.ChangeTracking.Internal.StateManager.SaveChanges(IList`1 entriesToSave)
   at Microsoft.EntityFrameworkCore.ChangeTracking.Internal.StateManager.SaveChanges(StateManager stateManager, Boolean acceptAllChangesOnSuccess)
   at Microsoft.EntityFrameworkCore.ChangeTracking.Internal.StateManager.<>c.<SaveChanges>b__112_0(DbContext _, ValueTuple`2 t)
   at Npgsql.EntityFrameworkCore.PostgreSQL.Storage.Internal.NpgsqlExecutionStrategy.Execute[TState,TResult](TState state, Func`3 operation, Func`3 verifySucceeded)
   at Microsoft.EntityFrameworkCore.ChangeTracking.Internal.StateManager.SaveChanges(Boolean acceptAllChangesOnSuccess)
   at Microsoft.EntityFrameworkCore.DbContext.SaveChanges(Boolean acceptAllChangesOnSuccess)
   at Microsoft.EntityFrameworkCore.DbContext.SaveChanges()
   at Infrastructure.Context.ContextDatabase.SaveChanges() in C:\Users\User\Documents\NETCORE\hexagon-architecture-net-core\PLANTILLA_WS\4. Infrastructure\Infrastructure\Context\ContextDatabase.cs:line 24
   at Infrastructure.Repository.ClinicaRepository.RegisterClinica(ClinicaModel clinicaModel) in C:\Users\User\Documents\NETCORE\hexagon-architecture-net-core\PLANTILLA_WS\4. Infrastructure\Infrastructure\Repository\ClinicaRepository.cs:line 29
   at Application.Services.ClinicaAppService.RegisterClinica(ClinicaViewModel clinicaViewModel) in C:\Users\User\Documents\NETCORE\hexagon-architecture-net-core\PLANTILLA_WS\2. Application\Application\Services\ClinicaAppService.cs:line 34
   at Services.Api.Controllers.ClinicaController.AddClinica(ClinicaViewModel clinicaViewModel) in C:\Users\User\Documents\NETCORE\hexagon-architecture-net-core\PLANTILLA_WS\1. Services\Services.Api\Controllers\ClinicaController.cs:line 60
2024-06-26T15:21:31.6567553-05:00 0HN4M3JL88GMT:00000007 [ERR] Ha ocurrido un error al insertar la clinica (25120ea5)
Microsoft.EntityFrameworkCore.DbUpdateException: An error occurred while saving the entity changes. See the inner exception for details.
 ---> Npgsql.PostgresException (0x80004005): 23505: duplicate key value violates unique constraint "clinica_pk"

DETAIL: Detail redacted as it may contain sensitive data. Specify 'Include Error Detail' in the connection string to include this information.
   at Npgsql.Internal.NpgsqlConnector.ReadMessageLong(Boolean async, DataRowLoadingMode dataRowLoadingMode, Boolean readingNotifications, Boolean isReadingPrependedMessage)
   at System.Runtime.CompilerServices.PoolingAsyncValueTaskMethodBuilder`1.StateMachineBox`1.System.Threading.Tasks.Sources.IValueTaskSource<TResult>.GetResult(Int16 token)
   at Npgsql.NpgsqlDataReader.NextResult(Boolean async, Boolean isConsuming, CancellationToken cancellationToken)
   at Npgsql.NpgsqlDataReader.NextResult(Boolean async, Boolean isConsuming, CancellationToken cancellationToken)
   at Npgsql.NpgsqlDataReader.NextResult()
   at Npgsql.NpgsqlCommand.ExecuteReader(Boolean async, CommandBehavior behavior, CancellationToken cancellationToken)
   at Npgsql.NpgsqlCommand.ExecuteReader(Boolean async, CommandBehavior behavior, CancellationToken cancellationToken)
   at Npgsql.NpgsqlCommand.ExecuteReader(CommandBehavior behavior)
   at Npgsql.NpgsqlCommand.ExecuteDbDataReader(CommandBehavior behavior)
   at Microsoft.EntityFrameworkCore.Storage.RelationalCommand.ExecuteReader(RelationalCommandParameterObject parameterObject)
   at Microsoft.EntityFrameworkCore.Update.ReaderModificationCommandBatch.Execute(IRelationalConnection connection)
  Exception data:
    Severity: ERROR
    SqlState: 23505
    MessageText: duplicate key value violates unique constraint "clinica_pk"
    Detail: Detail redacted as it may contain sensitive data. Specify 'Include Error Detail' in the connection string to include this information.
    SchemaName: public
    TableName: Clinica
    ConstraintName: clinica_pk
    File: nbtinsert.c
    Line: 671
    Routine: _bt_check_unique
   --- End of inner exception stack trace ---
   at Microsoft.EntityFrameworkCore.Update.ReaderModificationCommandBatch.Execute(IRelationalConnection connection)
   at Microsoft.EntityFrameworkCore.Update.Internal.BatchExecutor.Execute(IEnumerable`1 commandBatches, IRelationalConnection connection)
   at Microsoft.EntityFrameworkCore.Storage.RelationalDatabase.SaveChanges(IList`1 entries)
   at Microsoft.EntityFrameworkCore.ChangeTracking.Internal.StateManager.SaveChanges(IList`1 entriesToSave)
   at Microsoft.EntityFrameworkCore.ChangeTracking.Internal.StateManager.SaveChanges(StateManager stateManager, Boolean acceptAllChangesOnSuccess)
   at Microsoft.EntityFrameworkCore.ChangeTracking.Internal.StateManager.<>c.<SaveChanges>b__112_0(DbContext _, ValueTuple`2 t)
   at Npgsql.EntityFrameworkCore.PostgreSQL.Storage.Internal.NpgsqlExecutionStrategy.Execute[TState,TResult](TState state, Func`3 operation, Func`3 verifySucceeded)
   at Microsoft.EntityFrameworkCore.ChangeTracking.Internal.StateManager.SaveChanges(Boolean acceptAllChangesOnSuccess)
   at Microsoft.EntityFrameworkCore.DbContext.SaveChanges(Boolean acceptAllChangesOnSuccess)
   at Microsoft.EntityFrameworkCore.DbContext.SaveChanges()
   at Infrastructure.Context.ContextDatabase.SaveChanges() in C:\Users\User\Documents\NETCORE\hexagon-architecture-net-core\PLANTILLA_WS\4. Infrastructure\Infrastructure\Context\ContextDatabase.cs:line 24
   at Infrastructure.Repository.ClinicaRepository.RegisterClinica(ClinicaModel clinicaModel) in C:\Users\User\Documents\NETCORE\hexagon-architecture-net-core\PLANTILLA_WS\4. Infrastructure\Infrastructure\Repository\ClinicaRepository.cs:line 29
   at Application.Services.ClinicaAppService.RegisterClinica(ClinicaViewModel clinicaViewModel) in C:\Users\User\Documents\NETCORE\hexagon-architecture-net-core\PLANTILLA_WS\2. Application\Application\Services\ClinicaAppService.cs:line 34
   at Services.Api.Controllers.ClinicaController.AddClinica(ClinicaViewModel clinicaViewModel) in C:\Users\User\Documents\NETCORE\hexagon-architecture-net-core\PLANTILLA_WS\1. Services\Services.Api\Controllers\ClinicaController.cs:line 60
2024-06-26T15:21:43.9215436-05:00 0HN4M3JL88GMT:00000009 [INF] Executed DbCommand ("1"ms) [Parameters=["@p0='?' (DbType = Int32), @p1='?', @p2='?', @p3='?' (DbType = DateTime), @p4='?', @p5='?' (DbType = Binary), @p6='?', @p7='?', @p8='?' (DbType = DateTime)"], CommandType='Text', CommandTimeout='30']"
""INSERT INTO \"Clinica\" (id_clinica, color_principal, color_secundary, created_at, desc_clinica, logo_clinica, name_clinica, type_clinica, updated_at)
VALUES (@p0, @p1, @p2, @p3, @p4, @p5, @p6, @p7, @p8);" (0723d8ff)
2024-06-26T15:22:13.0107182-05:00 0HN4M3JL88GMT:0000000B [INF] Executed DbCommand ("1"ms) [Parameters=["@__p_0='?' (DbType = Int32)"], CommandType='Text', CommandTimeout='30']"
""SELECT c.id_clinica, c.color_principal, c.color_secundary, c.created_at, c.desc_clinica, c.logo_clinica, c.name_clinica, c.type_clinica, c.updated_at
FROM \"Clinica\" AS c
WHERE c.id_clinica = @__p_0
LIMIT 1" (0723d8ff)
2024-06-26T15:22:13.0222028-05:00 0HN4M3JL88GMT:0000000B [INF] Executed DbCommand ("1"ms) [Parameters=["@p0='?' (DbType = Int32)"], CommandType='Text', CommandTimeout='30']"
""DELETE FROM \"Clinica\"
WHERE id_clinica = @p0;" (0723d8ff)
2024-06-26T15:23:42.4799080-05:00  [INF] Now listening on: "https://localhost:7279" (d826f4b8)
2024-06-26T15:23:42.4833715-05:00  [INF] Now listening on: "http://localhost:5036" (d826f4b8)
2024-06-26T15:23:42.4898441-05:00  [INF] Application started. Press Ctrl+C to shut down. (dcaefe54)
2024-06-26T15:23:42.4976898-05:00  [INF] Hosting environment: "Development" (bc5a1a4e)
2024-06-26T15:23:42.4997804-05:00  [INF] Content root path: "C:\Users\User\Documents\NETCORE\hexagon-architecture-net-core\PLANTILLA_WS\1. Services\Services.Api" (cc26f24e)
2024-06-26T15:24:42.5164991-05:00 0HN4M3NFMOAB2:00000001 [INF] Executed DbCommand ("32"ms) [Parameters=[""], CommandType='Text', CommandTimeout='30']"
""SELECT r.id_role, r.created_at, r.desc_role, r.name_role, r.updated_at
FROM \"Roles\" AS r" (0723d8ff)
2024-06-26T15:25:13.6408892-05:00 0HN4M3NFMOAB3:00000001 [INF] Executed DbCommand ("87"ms) [Parameters=["@p0='?' (DbType = Int32), @p1='?' (DbType = DateTime), @p2='?', @p3='?', @p4='?' (DbType = DateTime)"], CommandType='Text', CommandTimeout='30']"
""INSERT INTO \"Roles\" (id_role, created_at, desc_role, name_role, updated_at)
VALUES (@p0, @p1, @p2, @p3, @p4);" (0723d8ff)
2024-06-26T15:25:25.7387162-05:00 0HN4M3NFMOAB3:00000003 [ERR] Failed executing DbCommand ("17"ms) [Parameters=["@p0='?' (DbType = Int32), @p1='?' (DbType = DateTime), @p2='?', @p3='?', @p4='?' (DbType = DateTime)"], CommandType='Text', CommandTimeout='30']"
""INSERT INTO \"Roles\" (id_role, created_at, desc_role, name_role, updated_at)
VALUES (@p0, @p1, @p2, @p3, @p4);" (627a98df)
2024-06-26T15:25:25.8495717-05:00 0HN4M3NFMOAB3:00000003 [ERR] An exception occurred in the database while saving changes for context type '"Infrastructure.Context.ContextDatabase"'."
""Microsoft.EntityFrameworkCore.DbUpdateException: An error occurred while saving the entity changes. See the inner exception for details.
 ---> Npgsql.PostgresException (0x80004005): 23505: duplicate key value violates unique constraint \"roles_pk\"

DETAIL: Detail redacted as it may contain sensitive data. Specify 'Include Error Detail' in the connection string to include this information.
   at Npgsql.Internal.NpgsqlConnector.ReadMessageLong(Boolean async, DataRowLoadingMode dataRowLoadingMode, Boolean readingNotifications, Boolean isReadingPrependedMessage)
   at System.Runtime.CompilerServices.PoolingAsyncValueTaskMethodBuilder`1.StateMachineBox`1.System.Threading.Tasks.Sources.IValueTaskSource<TResult>.GetResult(Int16 token)
   at Npgsql.NpgsqlDataReader.NextResult(Boolean async, Boolean isConsuming, CancellationToken cancellationToken)
   at Npgsql.NpgsqlDataReader.NextResult(Boolean async, Boolean isConsuming, CancellationToken cancellationToken)
   at Npgsql.NpgsqlDataReader.NextResult()
   at Npgsql.NpgsqlCommand.ExecuteReader(Boolean async, CommandBehavior behavior, CancellationToken cancellationToken)
   at Npgsql.NpgsqlCommand.ExecuteReader(Boolean async, CommandBehavior behavior, CancellationToken cancellationToken)
   at Npgsql.NpgsqlCommand.ExecuteReader(CommandBehavior behavior)
   at Npgsql.NpgsqlCommand.ExecuteDbDataReader(CommandBehavior behavior)
   at Microsoft.EntityFrameworkCore.Storage.RelationalCommand.ExecuteReader(RelationalCommandParameterObject parameterObject)
   at Microsoft.EntityFrameworkCore.Update.ReaderModificationCommandBatch.Execute(IRelationalConnection connection)
  Exception data:
    Severity: ERROR
    SqlState: 23505
    MessageText: duplicate key value violates unique constraint \"roles_pk\"
    Detail: Detail redacted as it may contain sensitive data. Specify 'Include Error Detail' in the connection string to include this information.
    SchemaName: public
    TableName: Roles
    ConstraintName: roles_pk
    File: nbtinsert.c
    Line: 671
    Routine: _bt_check_unique
   --- End of inner exception stack trace ---
   at Microsoft.EntityFrameworkCore.Update.ReaderModificationCommandBatch.Execute(IRelationalConnection connection)
   at Microsoft.EntityFrameworkCore.Update.Internal.BatchExecutor.Execute(IEnumerable`1 commandBatches, IRelationalConnection connection)
   at Microsoft.EntityFrameworkCore.Storage.RelationalDatabase.SaveChanges(IList`1 entries)
   at Microsoft.EntityFrameworkCore.ChangeTracking.Internal.StateManager.SaveChanges(IList`1 entriesToSave)
   at Microsoft.EntityFrameworkCore.ChangeTracking.Internal.StateManager.SaveChanges(StateManager stateManager, Boolean acceptAllChangesOnSuccess)
   at Microsoft.EntityFrameworkCore.ChangeTracking.Internal.StateManager.<>c.<SaveChanges>b__112_0(DbContext _, ValueTuple`2 t)
   at Npgsql.EntityFrameworkCore.PostgreSQL.Storage.Internal.NpgsqlExecutionStrategy.Execute[TState,TResult](TState state, Func`3 operation, Func`3 verifySucceeded)
   at Microsoft.EntityFrameworkCore.ChangeTracking.Internal.StateManager.SaveChanges(Boolean acceptAllChangesOnSuccess)
   at Microsoft.EntityFrameworkCore.DbContext.SaveChanges(Boolean acceptAllChangesOnSuccess)" (170f029e)
Microsoft.EntityFrameworkCore.DbUpdateException: An error occurred while saving the entity changes. See the inner exception for details.
 ---> Npgsql.PostgresException (0x80004005): 23505: duplicate key value violates unique constraint "roles_pk"

DETAIL: Detail redacted as it may contain sensitive data. Specify 'Include Error Detail' in the connection string to include this information.
   at Npgsql.Internal.NpgsqlConnector.ReadMessageLong(Boolean async, DataRowLoadingMode dataRowLoadingMode, Boolean readingNotifications, Boolean isReadingPrependedMessage)
   at System.Runtime.CompilerServices.PoolingAsyncValueTaskMethodBuilder`1.StateMachineBox`1.System.Threading.Tasks.Sources.IValueTaskSource<TResult>.GetResult(Int16 token)
   at Npgsql.NpgsqlDataReader.NextResult(Boolean async, Boolean isConsuming, CancellationToken cancellationToken)
   at Npgsql.NpgsqlDataReader.NextResult(Boolean async, Boolean isConsuming, CancellationToken cancellationToken)
   at Npgsql.NpgsqlDataReader.NextResult()
   at Npgsql.NpgsqlCommand.ExecuteReader(Boolean async, CommandBehavior behavior, CancellationToken cancellationToken)
   at Npgsql.NpgsqlCommand.ExecuteReader(Boolean async, CommandBehavior behavior, CancellationToken cancellationToken)
   at Npgsql.NpgsqlCommand.ExecuteReader(CommandBehavior behavior)
   at Npgsql.NpgsqlCommand.ExecuteDbDataReader(CommandBehavior behavior)
   at Microsoft.EntityFrameworkCore.Storage.RelationalCommand.ExecuteReader(RelationalCommandParameterObject parameterObject)
   at Microsoft.EntityFrameworkCore.Update.ReaderModificationCommandBatch.Execute(IRelationalConnection connection)
  Exception data:
    Severity: ERROR
    SqlState: 23505
    MessageText: duplicate key value violates unique constraint "roles_pk"
    Detail: Detail redacted as it may contain sensitive data. Specify 'Include Error Detail' in the connection string to include this information.
    SchemaName: public
    TableName: Roles
    ConstraintName: roles_pk
    File: nbtinsert.c
    Line: 671
    Routine: _bt_check_unique
   --- End of inner exception stack trace ---
   at Microsoft.EntityFrameworkCore.Update.ReaderModificationCommandBatch.Execute(IRelationalConnection connection)
   at Microsoft.EntityFrameworkCore.Update.Internal.BatchExecutor.Execute(IEnumerable`1 commandBatches, IRelationalConnection connection)
   at Microsoft.EntityFrameworkCore.Storage.RelationalDatabase.SaveChanges(IList`1 entries)
   at Microsoft.EntityFrameworkCore.ChangeTracking.Internal.StateManager.SaveChanges(IList`1 entriesToSave)
   at Microsoft.EntityFrameworkCore.ChangeTracking.Internal.StateManager.SaveChanges(StateManager stateManager, Boolean acceptAllChangesOnSuccess)
   at Microsoft.EntityFrameworkCore.ChangeTracking.Internal.StateManager.<>c.<SaveChanges>b__112_0(DbContext _, ValueTuple`2 t)
   at Npgsql.EntityFrameworkCore.PostgreSQL.Storage.Internal.NpgsqlExecutionStrategy.Execute[TState,TResult](TState state, Func`3 operation, Func`3 verifySucceeded)
   at Microsoft.EntityFrameworkCore.ChangeTracking.Internal.StateManager.SaveChanges(Boolean acceptAllChangesOnSuccess)
   at Microsoft.EntityFrameworkCore.DbContext.SaveChanges(Boolean acceptAllChangesOnSuccess)
   at Microsoft.EntityFrameworkCore.DbContext.SaveChanges()
   at Infrastructure.Context.ContextDatabase.SaveChanges() in C:\Users\User\Documents\NETCORE\hexagon-architecture-net-core\PLANTILLA_WS\4. Infrastructure\Infrastructure\Context\ContextDatabase.cs:line 24
   at Infrastructure.Repository.RoleRepository.AddRole(RoleModel roleModel) in C:\Users\User\Documents\NETCORE\hexagon-architecture-net-core\PLANTILLA_WS\4. Infrastructure\Infrastructure\Repository\RoleRepository.cs:line 29
   at Application.Services.RoleAppService.AddRole(RoleViewModel roleViewModel) in C:\Users\User\Documents\NETCORE\hexagon-architecture-net-core\PLANTILLA_WS\2. Application\Application\Services\RoleAppService.cs:line 35
   at Services.Api.Controllers.RoleController.AddRole(RoleViewModel roleViewModel) in C:\Users\User\Documents\NETCORE\hexagon-architecture-net-core\PLANTILLA_WS\1. Services\Services.Api\Controllers\RoleController.cs:line 61
2024-06-26T15:25:25.9754086-05:00 0HN4M3NFMOAB3:00000003 [ERR] Ha ocurrido un error al insertar el rol (c64cf2e6)
Microsoft.EntityFrameworkCore.DbUpdateException: An error occurred while saving the entity changes. See the inner exception for details.
 ---> Npgsql.PostgresException (0x80004005): 23505: duplicate key value violates unique constraint "roles_pk"

DETAIL: Detail redacted as it may contain sensitive data. Specify 'Include Error Detail' in the connection string to include this information.
   at Npgsql.Internal.NpgsqlConnector.ReadMessageLong(Boolean async, DataRowLoadingMode dataRowLoadingMode, Boolean readingNotifications, Boolean isReadingPrependedMessage)
   at System.Runtime.CompilerServices.PoolingAsyncValueTaskMethodBuilder`1.StateMachineBox`1.System.Threading.Tasks.Sources.IValueTaskSource<TResult>.GetResult(Int16 token)
   at Npgsql.NpgsqlDataReader.NextResult(Boolean async, Boolean isConsuming, CancellationToken cancellationToken)
   at Npgsql.NpgsqlDataReader.NextResult(Boolean async, Boolean isConsuming, CancellationToken cancellationToken)
   at Npgsql.NpgsqlDataReader.NextResult()
   at Npgsql.NpgsqlCommand.ExecuteReader(Boolean async, CommandBehavior behavior, CancellationToken cancellationToken)
   at Npgsql.NpgsqlCommand.ExecuteReader(Boolean async, CommandBehavior behavior, CancellationToken cancellationToken)
   at Npgsql.NpgsqlCommand.ExecuteReader(CommandBehavior behavior)
   at Npgsql.NpgsqlCommand.ExecuteDbDataReader(CommandBehavior behavior)
   at Microsoft.EntityFrameworkCore.Storage.RelationalCommand.ExecuteReader(RelationalCommandParameterObject parameterObject)
   at Microsoft.EntityFrameworkCore.Update.ReaderModificationCommandBatch.Execute(IRelationalConnection connection)
  Exception data:
    Severity: ERROR
    SqlState: 23505
    MessageText: duplicate key value violates unique constraint "roles_pk"
    Detail: Detail redacted as it may contain sensitive data. Specify 'Include Error Detail' in the connection string to include this information.
    SchemaName: public
    TableName: Roles
    ConstraintName: roles_pk
    File: nbtinsert.c
    Line: 671
    Routine: _bt_check_unique
   --- End of inner exception stack trace ---
   at Microsoft.EntityFrameworkCore.Update.ReaderModificationCommandBatch.Execute(IRelationalConnection connection)
   at Microsoft.EntityFrameworkCore.Update.Internal.BatchExecutor.Execute(IEnumerable`1 commandBatches, IRelationalConnection connection)
   at Microsoft.EntityFrameworkCore.Storage.RelationalDatabase.SaveChanges(IList`1 entries)
   at Microsoft.EntityFrameworkCore.ChangeTracking.Internal.StateManager.SaveChanges(IList`1 entriesToSave)
   at Microsoft.EntityFrameworkCore.ChangeTracking.Internal.StateManager.SaveChanges(StateManager stateManager, Boolean acceptAllChangesOnSuccess)
   at Microsoft.EntityFrameworkCore.ChangeTracking.Internal.StateManager.<>c.<SaveChanges>b__112_0(DbContext _, ValueTuple`2 t)
   at Npgsql.EntityFrameworkCore.PostgreSQL.Storage.Internal.NpgsqlExecutionStrategy.Execute[TState,TResult](TState state, Func`3 operation, Func`3 verifySucceeded)
   at Microsoft.EntityFrameworkCore.ChangeTracking.Internal.StateManager.SaveChanges(Boolean acceptAllChangesOnSuccess)
   at Microsoft.EntityFrameworkCore.DbContext.SaveChanges(Boolean acceptAllChangesOnSuccess)
   at Microsoft.EntityFrameworkCore.DbContext.SaveChanges()
   at Infrastructure.Context.ContextDatabase.SaveChanges() in C:\Users\User\Documents\NETCORE\hexagon-architecture-net-core\PLANTILLA_WS\4. Infrastructure\Infrastructure\Context\ContextDatabase.cs:line 24
   at Infrastructure.Repository.RoleRepository.AddRole(RoleModel roleModel) in C:\Users\User\Documents\NETCORE\hexagon-architecture-net-core\PLANTILLA_WS\4. Infrastructure\Infrastructure\Repository\RoleRepository.cs:line 29
   at Application.Services.RoleAppService.AddRole(RoleViewModel roleViewModel) in C:\Users\User\Documents\NETCORE\hexagon-architecture-net-core\PLANTILLA_WS\2. Application\Application\Services\RoleAppService.cs:line 35
   at Services.Api.Controllers.RoleController.AddRole(RoleViewModel roleViewModel) in C:\Users\User\Documents\NETCORE\hexagon-architecture-net-core\PLANTILLA_WS\1. Services\Services.Api\Controllers\RoleController.cs:line 61
2024-06-26T15:25:50.1252151-05:00 0HN4M3NFMOAB3:00000005 [ERR] Failed executing DbCommand ("3"ms) [Parameters=["@p0='?' (DbType = DateTime), @p1='?', @p2='?', @p3='?' (DbType = DateTime)"], CommandType='Text', CommandTimeout='30']"
""INSERT INTO \"Roles\" (created_at, desc_role, name_role, updated_at)
VALUES (@p0, @p1, @p2, @p3)
RETURNING id_role;" (627a98df)
2024-06-26T15:25:50.1486839-05:00 0HN4M3NFMOAB3:00000005 [ERR] An exception occurred in the database while saving changes for context type '"Infrastructure.Context.ContextDatabase"'."
""Microsoft.EntityFrameworkCore.DbUpdateException: An error occurred while saving the entity changes. See the inner exception for details.
 ---> Npgsql.PostgresException (0x80004005): 23502: null value in column \"id_role\" of relation \"Roles\" violates not-null constraint

DETAIL: Detail redacted as it may contain sensitive data. Specify 'Include Error Detail' in the connection string to include this information.
   at Npgsql.Internal.NpgsqlConnector.ReadMessageLong(Boolean async, DataRowLoadingMode dataRowLoadingMode, Boolean readingNotifications, Boolean isReadingPrependedMessage)
   at System.Runtime.CompilerServices.PoolingAsyncValueTaskMethodBuilder`1.StateMachineBox`1.System.Threading.Tasks.Sources.IValueTaskSource<TResult>.GetResult(Int16 token)
   at Npgsql.NpgsqlDataReader.NextResult(Boolean async, Boolean isConsuming, CancellationToken cancellationToken)
   at Npgsql.NpgsqlDataReader.NextResult(Boolean async, Boolean isConsuming, CancellationToken cancellationToken)
   at Npgsql.NpgsqlDataReader.NextResult()
   at Npgsql.NpgsqlCommand.ExecuteReader(Boolean async, CommandBehavior behavior, CancellationToken cancellationToken)
   at Npgsql.NpgsqlCommand.ExecuteReader(Boolean async, CommandBehavior behavior, CancellationToken cancellationToken)
   at Npgsql.NpgsqlCommand.ExecuteReader(CommandBehavior behavior)
   at Npgsql.NpgsqlCommand.ExecuteDbDataReader(CommandBehavior behavior)
   at Microsoft.EntityFrameworkCore.Storage.RelationalCommand.ExecuteReader(RelationalCommandParameterObject parameterObject)
   at Microsoft.EntityFrameworkCore.Update.ReaderModificationCommandBatch.Execute(IRelationalConnection connection)
  Exception data:
    Severity: ERROR
    SqlState: 23502
    MessageText: null value in column \"id_role\" of relation \"Roles\" violates not-null constraint
    Detail: Detail redacted as it may contain sensitive data. Specify 'Include Error Detail' in the connection string to include this information.
    SchemaName: public
    TableName: Roles
    ColumnName: id_role
    File: execMain.c
    Line: 1974
    Routine: ExecConstraints
   --- End of inner exception stack trace ---
   at Microsoft.EntityFrameworkCore.Update.ReaderModificationCommandBatch.Execute(IRelationalConnection connection)
   at Microsoft.EntityFrameworkCore.Update.Internal.BatchExecutor.Execute(IEnumerable`1 commandBatches, IRelationalConnection connection)
   at Microsoft.EntityFrameworkCore.Storage.RelationalDatabase.SaveChanges(IList`1 entries)
   at Microsoft.EntityFrameworkCore.ChangeTracking.Internal.StateManager.SaveChanges(IList`1 entriesToSave)
   at Microsoft.EntityFrameworkCore.ChangeTracking.Internal.StateManager.SaveChanges(StateManager stateManager, Boolean acceptAllChangesOnSuccess)
   at Microsoft.EntityFrameworkCore.ChangeTracking.Internal.StateManager.<>c.<SaveChanges>b__112_0(DbContext _, ValueTuple`2 t)
   at Npgsql.EntityFrameworkCore.PostgreSQL.Storage.Internal.NpgsqlExecutionStrategy.Execute[TState,TResult](TState state, Func`3 operation, Func`3 verifySucceeded)
   at Microsoft.EntityFrameworkCore.ChangeTracking.Internal.StateManager.SaveChanges(Boolean acceptAllChangesOnSuccess)
   at Microsoft.EntityFrameworkCore.DbContext.SaveChanges(Boolean acceptAllChangesOnSuccess)" (170f029e)
Microsoft.EntityFrameworkCore.DbUpdateException: An error occurred while saving the entity changes. See the inner exception for details.
 ---> Npgsql.PostgresException (0x80004005): 23502: null value in column "id_role" of relation "Roles" violates not-null constraint

DETAIL: Detail redacted as it may contain sensitive data. Specify 'Include Error Detail' in the connection string to include this information.
   at Npgsql.Internal.NpgsqlConnector.ReadMessageLong(Boolean async, DataRowLoadingMode dataRowLoadingMode, Boolean readingNotifications, Boolean isReadingPrependedMessage)
   at System.Runtime.CompilerServices.PoolingAsyncValueTaskMethodBuilder`1.StateMachineBox`1.System.Threading.Tasks.Sources.IValueTaskSource<TResult>.GetResult(Int16 token)
   at Npgsql.NpgsqlDataReader.NextResult(Boolean async, Boolean isConsuming, CancellationToken cancellationToken)
   at Npgsql.NpgsqlDataReader.NextResult(Boolean async, Boolean isConsuming, CancellationToken cancellationToken)
   at Npgsql.NpgsqlDataReader.NextResult()
   at Npgsql.NpgsqlCommand.ExecuteReader(Boolean async, CommandBehavior behavior, CancellationToken cancellationToken)
   at Npgsql.NpgsqlCommand.ExecuteReader(Boolean async, CommandBehavior behavior, CancellationToken cancellationToken)
   at Npgsql.NpgsqlCommand.ExecuteReader(CommandBehavior behavior)
   at Npgsql.NpgsqlCommand.ExecuteDbDataReader(CommandBehavior behavior)
   at Microsoft.EntityFrameworkCore.Storage.RelationalCommand.ExecuteReader(RelationalCommandParameterObject parameterObject)
   at Microsoft.EntityFrameworkCore.Update.ReaderModificationCommandBatch.Execute(IRelationalConnection connection)
  Exception data:
    Severity: ERROR
    SqlState: 23502
    MessageText: null value in column "id_role" of relation "Roles" violates not-null constraint
    Detail: Detail redacted as it may contain sensitive data. Specify 'Include Error Detail' in the connection string to include this information.
    SchemaName: public
    TableName: Roles
    ColumnName: id_role
    File: execMain.c
    Line: 1974
    Routine: ExecConstraints
   --- End of inner exception stack trace ---
   at Microsoft.EntityFrameworkCore.Update.ReaderModificationCommandBatch.Execute(IRelationalConnection connection)
   at Microsoft.EntityFrameworkCore.Update.Internal.BatchExecutor.Execute(IEnumerable`1 commandBatches, IRelationalConnection connection)
   at Microsoft.EntityFrameworkCore.Storage.RelationalDatabase.SaveChanges(IList`1 entries)
   at Microsoft.EntityFrameworkCore.ChangeTracking.Internal.StateManager.SaveChanges(IList`1 entriesToSave)
   at Microsoft.EntityFrameworkCore.ChangeTracking.Internal.StateManager.SaveChanges(StateManager stateManager, Boolean acceptAllChangesOnSuccess)
   at Microsoft.EntityFrameworkCore.ChangeTracking.Internal.StateManager.<>c.<SaveChanges>b__112_0(DbContext _, ValueTuple`2 t)
   at Npgsql.EntityFrameworkCore.PostgreSQL.Storage.Internal.NpgsqlExecutionStrategy.Execute[TState,TResult](TState state, Func`3 operation, Func`3 verifySucceeded)
   at Microsoft.EntityFrameworkCore.ChangeTracking.Internal.StateManager.SaveChanges(Boolean acceptAllChangesOnSuccess)
   at Microsoft.EntityFrameworkCore.DbContext.SaveChanges(Boolean acceptAllChangesOnSuccess)
   at Microsoft.EntityFrameworkCore.DbContext.SaveChanges()
   at Infrastructure.Context.ContextDatabase.SaveChanges() in C:\Users\User\Documents\NETCORE\hexagon-architecture-net-core\PLANTILLA_WS\4. Infrastructure\Infrastructure\Context\ContextDatabase.cs:line 24
2024-06-26T15:25:50.2067268-05:00 0HN4M3NFMOAB3:00000005 [ERR] Ha ocurrido un error al insertar el rol (c64cf2e6)
Microsoft.EntityFrameworkCore.DbUpdateException: An error occurred while saving the entity changes. See the inner exception for details.
 ---> Npgsql.PostgresException (0x80004005): 23502: null value in column "id_role" of relation "Roles" violates not-null constraint

DETAIL: Detail redacted as it may contain sensitive data. Specify 'Include Error Detail' in the connection string to include this information.
   at Npgsql.Internal.NpgsqlConnector.ReadMessageLong(Boolean async, DataRowLoadingMode dataRowLoadingMode, Boolean readingNotifications, Boolean isReadingPrependedMessage)
   at System.Runtime.CompilerServices.PoolingAsyncValueTaskMethodBuilder`1.StateMachineBox`1.System.Threading.Tasks.Sources.IValueTaskSource<TResult>.GetResult(Int16 token)
   at Npgsql.NpgsqlDataReader.NextResult(Boolean async, Boolean isConsuming, CancellationToken cancellationToken)
   at Npgsql.NpgsqlDataReader.NextResult(Boolean async, Boolean isConsuming, CancellationToken cancellationToken)
   at Npgsql.NpgsqlDataReader.NextResult()
   at Npgsql.NpgsqlCommand.ExecuteReader(Boolean async, CommandBehavior behavior, CancellationToken cancellationToken)
   at Npgsql.NpgsqlCommand.ExecuteReader(Boolean async, CommandBehavior behavior, CancellationToken cancellationToken)
   at Npgsql.NpgsqlCommand.ExecuteReader(CommandBehavior behavior)
   at Npgsql.NpgsqlCommand.ExecuteDbDataReader(CommandBehavior behavior)
   at Microsoft.EntityFrameworkCore.Storage.RelationalCommand.ExecuteReader(RelationalCommandParameterObject parameterObject)
   at Microsoft.EntityFrameworkCore.Update.ReaderModificationCommandBatch.Execute(IRelationalConnection connection)
  Exception data:
    Severity: ERROR
    SqlState: 23502
    MessageText: null value in column "id_role" of relation "Roles" violates not-null constraint
    Detail: Detail redacted as it may contain sensitive data. Specify 'Include Error Detail' in the connection string to include this information.
    SchemaName: public
    TableName: Roles
    ColumnName: id_role
    File: execMain.c
    Line: 1974
    Routine: ExecConstraints
   --- End of inner exception stack trace ---
   at Microsoft.EntityFrameworkCore.Update.ReaderModificationCommandBatch.Execute(IRelationalConnection connection)
   at Microsoft.EntityFrameworkCore.Update.Internal.BatchExecutor.Execute(IEnumerable`1 commandBatches, IRelationalConnection connection)
   at Microsoft.EntityFrameworkCore.Storage.RelationalDatabase.SaveChanges(IList`1 entries)
   at Microsoft.EntityFrameworkCore.ChangeTracking.Internal.StateManager.SaveChanges(IList`1 entriesToSave)
   at Microsoft.EntityFrameworkCore.ChangeTracking.Internal.StateManager.SaveChanges(StateManager stateManager, Boolean acceptAllChangesOnSuccess)
   at Microsoft.EntityFrameworkCore.ChangeTracking.Internal.StateManager.<>c.<SaveChanges>b__112_0(DbContext _, ValueTuple`2 t)
   at Npgsql.EntityFrameworkCore.PostgreSQL.Storage.Internal.NpgsqlExecutionStrategy.Execute[TState,TResult](TState state, Func`3 operation, Func`3 verifySucceeded)
   at Microsoft.EntityFrameworkCore.ChangeTracking.Internal.StateManager.SaveChanges(Boolean acceptAllChangesOnSuccess)
   at Microsoft.EntityFrameworkCore.DbContext.SaveChanges(Boolean acceptAllChangesOnSuccess)
   at Microsoft.EntityFrameworkCore.DbContext.SaveChanges()
   at Infrastructure.Context.ContextDatabase.SaveChanges() in C:\Users\User\Documents\NETCORE\hexagon-architecture-net-core\PLANTILLA_WS\4. Infrastructure\Infrastructure\Context\ContextDatabase.cs:line 24
   at Infrastructure.Repository.RoleRepository.AddRole(RoleModel roleModel) in C:\Users\User\Documents\NETCORE\hexagon-architecture-net-core\PLANTILLA_WS\4. Infrastructure\Infrastructure\Repository\RoleRepository.cs:line 29
   at Application.Services.RoleAppService.AddRole(RoleViewModel roleViewModel) in C:\Users\User\Documents\NETCORE\hexagon-architecture-net-core\PLANTILLA_WS\2. Application\Application\Services\RoleAppService.cs:line 35
   at Services.Api.Controllers.RoleController.AddRole(RoleViewModel roleViewModel) in C:\Users\User\Documents\NETCORE\hexagon-architecture-net-core\PLANTILLA_WS\1. Services\Services.Api\Controllers\RoleController.cs:line 61
2024-06-26T15:26:05.1722360-05:00 0HN4M3NFMOAB3:00000007 [INF] Executed DbCommand ("2"ms) [Parameters=["@p0='?' (DbType = Int32), @p1='?' (DbType = DateTime), @p2='?', @p3='?', @p4='?' (DbType = DateTime)"], CommandType='Text', CommandTimeout='30']"
""INSERT INTO \"Roles\" (id_role, created_at, desc_role, name_role, updated_at)
VALUES (@p0, @p1, @p2, @p3, @p4);" (0723d8ff)
2024-06-26T15:26:28.8394431-05:00 0HN4M3NFMOAB3:00000009 [INF] Executed DbCommand ("2"ms) [Parameters=[""], CommandType='Text', CommandTimeout='30']"
""SELECT r.id_role, r.created_at, r.desc_role, r.name_role, r.updated_at
FROM \"Roles\" AS r" (0723d8ff)
2024-06-26T15:26:53.0590730-05:00 0HN4M3NFMOAB3:0000000B [INF] Executed DbCommand ("1"ms) [Parameters=["@__p_0='?' (DbType = Int32)"], CommandType='Text', CommandTimeout='30']"
""SELECT r.id_role, r.created_at, r.desc_role, r.name_role, r.updated_at
FROM \"Roles\" AS r
WHERE r.id_role = @__p_0
LIMIT 1" (0723d8ff)
2024-06-26T15:26:53.0884799-05:00 0HN4M3NFMOAB3:0000000B [INF] Executed DbCommand ("6"ms) [Parameters=["@p3='?' (DbType = Int32), @p0='?', @p1='?', @p2='?' (DbType = DateTime)"], CommandType='Text', CommandTimeout='30']"
""UPDATE \"Roles\" SET desc_role = @p0, name_role = @p1, updated_at = @p2
WHERE id_role = @p3;" (0723d8ff)
2024-06-26T15:27:20.9127191-05:00 0HN4M3NFMOAB3:0000000D [INF] Executed DbCommand ("1"ms) [Parameters=["@p0='?' (DbType = Int32), @p1='?' (DbType = DateTime), @p2='?', @p3='?', @p4='?' (DbType = DateTime)"], CommandType='Text', CommandTimeout='30']"
""INSERT INTO \"Roles\" (id_role, created_at, desc_role, name_role, updated_at)
VALUES (@p0, @p1, @p2, @p3, @p4);" (0723d8ff)
2024-06-26T15:27:34.1457581-05:00 0HN4M3NFMOAB3:0000000F [INF] Executed DbCommand ("1"ms) [Parameters=["@__p_0='?' (DbType = Int32)"], CommandType='Text', CommandTimeout='30']"
""SELECT r.id_role, r.created_at, r.desc_role, r.name_role, r.updated_at
FROM \"Roles\" AS r
WHERE r.id_role = @__p_0
LIMIT 1" (0723d8ff)
2024-06-26T15:27:34.1678159-05:00 0HN4M3NFMOAB3:0000000F [INF] Executed DbCommand ("2"ms) [Parameters=["@p0='?' (DbType = Int32)"], CommandType='Text', CommandTimeout='30']"
""DELETE FROM \"Roles\"
WHERE id_role = @p0;" (0723d8ff)
2024-06-26T15:27:49.5359239-05:00  [INF] Now listening on: "https://localhost:7279" (d826f4b8)
2024-06-26T15:27:49.5411471-05:00  [INF] Now listening on: "http://localhost:5036" (d826f4b8)
2024-06-26T15:27:49.5467011-05:00  [INF] Application started. Press Ctrl+C to shut down. (dcaefe54)
2024-06-26T15:27:49.5555689-05:00  [INF] Hosting environment: "Development" (bc5a1a4e)
2024-06-26T15:27:49.5573093-05:00  [INF] Content root path: "C:\Users\User\Documents\NETCORE\hexagon-architecture-net-core\PLANTILLA_WS\1. Services\Services.Api" (cc26f24e)
